

Processing Rails::InfoController#properties (for 127.0.0.1 at 2009-03-05 17:43:24) [GET]
  [4;36;1mSQL (0.7ms)[0m   [0;1m SELECT name
 FROM sqlite_master
 WHERE type = 'table' AND NOT name = 'sqlite_sequence'
[0m
Completed in 50ms (View: 1, DB: 1) | 200 OK [http://localhost/rails/info/properties]


Processing ProductsController#index (for 127.0.0.1 at 2009-03-05 17:46:02) [GET]
  [4;35;1mProduct Load (0.0ms)[0m   [0mSQLite3::SQLException: no such table: products: SELECT * FROM "products" [0m


ActiveRecord::StatementInvalid (SQLite3::SQLException: no such table: products: SELECT * FROM "products" ):
    /opt/local/lib/ruby/gems/1.8/gems/activerecord-2.2.2/lib/active_record/connection_adapters/abstract_adapter.rb:188:in `log'
    /opt/local/lib/ruby/gems/1.8/gems/activerecord-2.2.2/lib/active_record/connection_adapters/sqlite_adapter.rb:132:in `execute'
    /opt/local/lib/ruby/gems/1.8/gems/activerecord-2.2.2/lib/active_record/connection_adapters/sqlite_adapter.rb:372:in `catch_schema_changes'
    /opt/local/lib/ruby/gems/1.8/gems/activerecord-2.2.2/lib/active_record/connection_adapters/sqlite_adapter.rb:132:in `execute'
    /opt/local/lib/ruby/gems/1.8/gems/activerecord-2.2.2/lib/active_record/connection_adapters/sqlite_adapter.rb:275:in `select'
    /opt/local/lib/ruby/gems/1.8/gems/activerecord-2.2.2/lib/active_record/connection_adapters/abstract/database_statements.rb:7:in `select_all_without_query_cache'
    /opt/local/lib/ruby/gems/1.8/gems/activerecord-2.2.2/lib/active_record/connection_adapters/abstract/query_cache.rb:60:in `select_all'
    /opt/local/lib/ruby/gems/1.8/gems/activerecord-2.2.2/lib/active_record/connection_adapters/abstract/query_cache.rb:81:in `cache_sql'
    /opt/local/lib/ruby/gems/1.8/gems/activerecord-2.2.2/lib/active_record/connection_adapters/abstract/query_cache.rb:60:in `select_all'
    /opt/local/lib/ruby/gems/1.8/gems/activerecord-2.2.2/lib/active_record/base.rb:635:in `find_by_sql'
    /opt/local/lib/ruby/gems/1.8/gems/activerecord-2.2.2/lib/active_record/base.rb:1490:in `find_every'
    /opt/local/lib/ruby/gems/1.8/gems/activerecord-2.2.2/lib/active_record/base.rb:589:in `find'
    /app/controllers/products_controller.rb:5:in `index'
    /opt/local/lib/ruby/gems/1.8/gems/actionpack-2.2.2/lib/action_controller/base.rb:1253:in `send'
    /opt/local/lib/ruby/gems/1.8/gems/actionpack-2.2.2/lib/action_controller/base.rb:1253:in `perform_action_without_filters'
    /opt/local/lib/ruby/gems/1.8/gems/actionpack-2.2.2/lib/action_controller/filters.rb:617:in `call_filters'
    /opt/local/lib/ruby/gems/1.8/gems/actionpack-2.2.2/lib/action_controller/filters.rb:610:in `perform_action_without_benchmark'
    /opt/local/lib/ruby/gems/1.8/gems/actionpack-2.2.2/lib/action_controller/benchmarking.rb:68:in `perform_action_without_rescue'
    /opt/local/lib/ruby/1.8/benchmark.rb:293:in `measure'
    /opt/local/lib/ruby/gems/1.8/gems/actionpack-2.2.2/lib/action_controller/benchmarking.rb:68:in `perform_action_without_rescue'
    /opt/local/lib/ruby/gems/1.8/gems/actionpack-2.2.2/lib/action_controller/rescue.rb:136:in `perform_action_without_caching'
    /opt/local/lib/ruby/gems/1.8/gems/actionpack-2.2.2/lib/action_controller/caching/sql_cache.rb:13:in `perform_action'
    /opt/local/lib/ruby/gems/1.8/gems/activerecord-2.2.2/lib/active_record/connection_adapters/abstract/query_cache.rb:34:in `cache'
    /opt/local/lib/ruby/gems/1.8/gems/activerecord-2.2.2/lib/active_record/query_cache.rb:8:in `cache'
    /opt/local/lib/ruby/gems/1.8/gems/actionpack-2.2.2/lib/action_controller/caching/sql_cache.rb:12:in `perform_action'
    /opt/local/lib/ruby/gems/1.8/gems/actionpack-2.2.2/lib/action_controller/base.rb:524:in `send'
    /opt/local/lib/ruby/gems/1.8/gems/actionpack-2.2.2/lib/action_controller/base.rb:524:in `process_without_filters'
    /opt/local/lib/ruby/gems/1.8/gems/actionpack-2.2.2/lib/action_controller/filters.rb:606:in `process_without_session_management_support'
    /opt/local/lib/ruby/gems/1.8/gems/actionpack-2.2.2/lib/action_controller/session_management.rb:134:in `process'
    /opt/local/lib/ruby/gems/1.8/gems/actionpack-2.2.2/lib/action_controller/base.rb:392:in `process'
    /opt/local/lib/ruby/gems/1.8/gems/actionpack-2.2.2/lib/action_controller/dispatcher.rb:183:in `handle_request'
    /opt/local/lib/ruby/gems/1.8/gems/actionpack-2.2.2/lib/action_controller/dispatcher.rb:110:in `dispatch_unlocked'
    /opt/local/lib/ruby/gems/1.8/gems/actionpack-2.2.2/lib/action_controller/dispatcher.rb:123:in `dispatch'
    /opt/local/lib/ruby/gems/1.8/gems/actionpack-2.2.2/lib/action_controller/dispatcher.rb:122:in `synchronize'
    /opt/local/lib/ruby/gems/1.8/gems/actionpack-2.2.2/lib/action_controller/dispatcher.rb:122:in `dispatch'
    /opt/local/lib/ruby/gems/1.8/gems/actionpack-2.2.2/lib/action_controller/dispatcher.rb:132:in `dispatch_cgi'
    /opt/local/lib/ruby/gems/1.8/gems/actionpack-2.2.2/lib/action_controller/dispatcher.rb:39:in `dispatch'
    /Users/tom/.gem/ruby/1.8/gems/mongrel-1.1.5/bin/../lib/mongrel/rails.rb:76:in `process'
    /Users/tom/.gem/ruby/1.8/gems/mongrel-1.1.5/bin/../lib/mongrel/rails.rb:74:in `synchronize'
    /Users/tom/.gem/ruby/1.8/gems/mongrel-1.1.5/bin/../lib/mongrel/rails.rb:74:in `process'
    /Users/tom/.gem/ruby/1.8/gems/mongrel-1.1.5/lib/mongrel.rb:159:in `process_client'
    /Users/tom/.gem/ruby/1.8/gems/mongrel-1.1.5/lib/mongrel.rb:158:in `each'
    /Users/tom/.gem/ruby/1.8/gems/mongrel-1.1.5/lib/mongrel.rb:158:in `process_client'
    /Users/tom/.gem/ruby/1.8/gems/mongrel-1.1.5/lib/mongrel.rb:285:in `run'
    /Users/tom/.gem/ruby/1.8/gems/mongrel-1.1.5/lib/mongrel.rb:285:in `initialize'
    /Users/tom/.gem/ruby/1.8/gems/mongrel-1.1.5/lib/mongrel.rb:285:in `new'
    /Users/tom/.gem/ruby/1.8/gems/mongrel-1.1.5/lib/mongrel.rb:285:in `run'
    /Users/tom/.gem/ruby/1.8/gems/mongrel-1.1.5/lib/mongrel.rb:268:in `initialize'
    /Users/tom/.gem/ruby/1.8/gems/mongrel-1.1.5/lib/mongrel.rb:268:in `new'
    /Users/tom/.gem/ruby/1.8/gems/mongrel-1.1.5/lib/mongrel.rb:268:in `run'
    /Users/tom/.gem/ruby/1.8/gems/mongrel-1.1.5/lib/mongrel/configurator.rb:282:in `run'
    /Users/tom/.gem/ruby/1.8/gems/mongrel-1.1.5/lib/mongrel/configurator.rb:281:in `each'
    /Users/tom/.gem/ruby/1.8/gems/mongrel-1.1.5/lib/mongrel/configurator.rb:281:in `run'
    /Users/tom/.gem/ruby/1.8/gems/mongrel-1.1.5/bin/mongrel_rails:128:in `run'
    /Users/tom/.gem/ruby/1.8/gems/mongrel-1.1.5/lib/mongrel/command.rb:212:in `run'
    /Users/tom/.gem/ruby/1.8/gems/mongrel-1.1.5/bin/mongrel_rails:281
    /opt/local/lib/ruby/gems/1.8/gems/activesupport-2.2.2/lib/active_support/dependencies.rb:142:in `load_without_new_constant_marking'
    /opt/local/lib/ruby/gems/1.8/gems/activesupport-2.2.2/lib/active_support/dependencies.rb:142:in `load'
    /opt/local/lib/ruby/gems/1.8/gems/activesupport-2.2.2/lib/active_support/dependencies.rb:521:in `new_constants_in'
    /opt/local/lib/ruby/gems/1.8/gems/activesupport-2.2.2/lib/active_support/dependencies.rb:142:in `load'
    /opt/local/lib/ruby/gems/1.8/gems/rails-2.2.2/lib/commands/servers/mongrel.rb:64
    /opt/local/lib/ruby/site_ruby/1.8/rubygems/custom_require.rb:31:in `gem_original_require'
    /opt/local/lib/ruby/site_ruby/1.8/rubygems/custom_require.rb:31:in `require'
    /opt/local/lib/ruby/gems/1.8/gems/activesupport-2.2.2/lib/active_support/dependencies.rb:153:in `require'
    /opt/local/lib/ruby/gems/1.8/gems/activesupport-2.2.2/lib/active_support/dependencies.rb:521:in `new_constants_in'
    /opt/local/lib/ruby/gems/1.8/gems/activesupport-2.2.2/lib/active_support/dependencies.rb:153:in `require'
    /opt/local/lib/ruby/gems/1.8/gems/rails-2.2.2/lib/commands/server.rb:49
    /opt/local/lib/ruby/site_ruby/1.8/rubygems/custom_require.rb:31:in `gem_original_require'
    /opt/local/lib/ruby/site_ruby/1.8/rubygems/custom_require.rb:31:in `require'
    script/server:3

Rendered /opt/local/lib/ruby/gems/1.8/gems/actionpack-2.2.2/lib/action_controller/templates/rescues/_trace (82.2ms)
Rendered /opt/local/lib/ruby/gems/1.8/gems/actionpack-2.2.2/lib/action_controller/templates/rescues/_request_and_response (1.2ms)
Rendering /opt/local/lib/ruby/gems/1.8/gems/actionpack-2.2.2/lib/action_controller/templates/rescues/layout.erb (internal_server_error)
  [4;36;1mSQL (0.5ms)[0m   [0;1m SELECT name
 FROM sqlite_master
 WHERE type = 'table' AND NOT name = 'sqlite_sequence'
[0m
  [4;35;1mSQL (0.4ms)[0m   [0mselect sqlite_version(*)[0m
  [4;36;1mSQL (3.7ms)[0m   [0;1mCREATE TABLE "schema_migrations" ("version" varchar(255) NOT NULL) [0m
  [4;35;1mSQL (2.8ms)[0m   [0mCREATE UNIQUE INDEX "unique_schema_migrations" ON "schema_migrations" ("version")[0m
  [4;36;1mSQL (0.9ms)[0m   [0;1m SELECT name
 FROM sqlite_master
 WHERE type = 'table' AND NOT name = 'sqlite_sequence'
[0m
  [4;35;1mSQL (0.3ms)[0m   [0mSELECT version FROM schema_migrations[0m
Migrating to CreateProducts (20090305164459)
  [4;36;1mSQL (2.8ms)[0m   [0;1mCREATE TABLE "products" ("id" INTEGER PRIMARY KEY AUTOINCREMENT NOT NULL, "name" varchar(255), "price" integer, "color" varchar(255), "weight" integer, "date_available" date, "in_store" boolean, "created_at" datetime, "updated_at" datetime) [0m
  [4;35;1mSQL (2.2ms)[0m   [0mINSERT INTO schema_migrations (version) VALUES ('20090305164459')[0m
  [4;36;1mSQL (0.8ms)[0m   [0;1m SELECT name
 FROM sqlite_master
 WHERE type = 'table' AND NOT name = 'sqlite_sequence'
[0m
  [4;35;1mSQL (0.5ms)[0m   [0mSELECT version FROM schema_migrations[0m
  [4;36;1mSQL (0.7ms)[0m   [0;1m SELECT name
 FROM sqlite_master
 WHERE type = 'table' AND NOT name = 'sqlite_sequence'
[0m
  [4;35;1mSQL (0.2ms)[0m   [0mPRAGMA index_list("products")[0m


Processing ProductsController#index (for 127.0.0.1 at 2009-03-05 17:47:14) [GET]
  [4;36;1mProduct Load (0.6ms)[0m   [0;1mSELECT * FROM "products" [0m
Rendering template within layouts/products
Rendering products/index
Completed in 26ms (View: 8, DB: 1) | 200 OK [http://localhost/products]


Processing ProductsController#new (for 127.0.0.1 at 2009-03-05 17:47:22) [GET]
Rendering template within layouts/products
Rendering products/new
Completed in 209ms (View: 186, DB: 0) | 200 OK [http://localhost/products/new]


Processing ProductsController#create (for 127.0.0.1 at 2009-03-05 17:47:42) [POST]
  Parameters: {"commit"=>"Create", "authenticity_token"=>"7680728eea3373b1f2e065dd9cc15cf6f915b44a", "product"=>{"in_store"=>"1", "price"=>"20", "name"=>"Maslo", "weight"=>"125", "date_available(1i)"=>"2009", "color"=>"zelena", "date_available(2i)"=>"3", "date_available(3i)"=>"5"}}
  [4;35;1mProduct Create (0.6ms)[0m   [0mINSERT INTO "products" ("name", "price", "in_store", "created_at", "updated_at", "weight", "date_available", "color") VALUES('Maslo', 20, 't', '2009-03-05 16:47:42', '2009-03-05 16:47:42', 125, '2009-03-05', 'zelena')[0m
Redirected to #<Product:0x2569c88>
Completed in 39ms (DB: 1) | 302 Found [http://localhost/products]


Processing ProductsController#show (for 127.0.0.1 at 2009-03-05 17:47:42) [GET]
  Parameters: {"id"=>"1"}
  [4;36;1mProduct Load (0.8ms)[0m   [0;1mSELECT * FROM "products" WHERE ("products"."id" = 1) [0m
Rendering template within layouts/products
Rendering products/show
Completed in 35ms (View: 11, DB: 1) | 200 OK [http://localhost/products/1]


Processing ProductsController#index (for 127.0.0.1 at 2009-03-05 17:47:45) [GET]
  [4;35;1mProduct Load (1.2ms)[0m   [0mSELECT * FROM "products" [0m
Rendering template within layouts/products
Rendering products/index
Completed in 38ms (View: 18, DB: 1) | 200 OK [http://localhost/products]
  [4;36;1mSQL (1.0ms)[0m   [0;1m SELECT name
 FROM sqlite_master
 WHERE type = 'table' AND NOT name = 'sqlite_sequence'
[0m
  [4;35;1mSQL (0.4ms)[0m   [0mSELECT version FROM schema_migrations[0m
Migrating to CreateProducts (20090305164459)
Migrating to CreateUsers (20090305165548)
  [4;36;1mSQL (0.3ms)[0m   [0;1mselect sqlite_version(*)[0m
  [4;35;1mSQL (4.2ms)[0m   [0mCREATE TABLE "users" ("id" INTEGER PRIMARY KEY AUTOINCREMENT NOT NULL, "name" varchar(255), "password" varchar(255), "created_at" datetime, "updated_at" datetime) [0m
  [4;36;1mSQL (2.7ms)[0m   [0;1mINSERT INTO schema_migrations (version) VALUES ('20090305165548')[0m
  [4;35;1mSQL (0.7ms)[0m   [0m SELECT name
 FROM sqlite_master
 WHERE type = 'table' AND NOT name = 'sqlite_sequence'
[0m
  [4;36;1mSQL (0.4ms)[0m   [0;1mSELECT version FROM schema_migrations[0m
  [4;35;1mSQL (0.5ms)[0m   [0m SELECT name
 FROM sqlite_master
 WHERE type = 'table' AND NOT name = 'sqlite_sequence'
[0m
  [4;36;1mSQL (0.2ms)[0m   [0;1mPRAGMA index_list("products")[0m
  [4;35;1mSQL (0.1ms)[0m   [0mPRAGMA index_list("users")[0m


Processing UsersController#index (for 127.0.0.1 at 2009-03-05 17:56:24) [GET]
  [4;36;1mUser Load (0.5ms)[0m   [0;1mSELECT * FROM "users" [0m
Rendering template within layouts/users
Rendering users/index
Completed in 26ms (View: 7, DB: 0) | 200 OK [http://localhost/users]


Processing UsersController#index (for 127.0.0.1 at 2009-03-05 17:59:20) [GET]
  [4;35;1mUser Load (0.5ms)[0m   [0mSELECT * FROM "users" [0m
Rendering template within layouts/users
Rendering users/index
Completed in 26ms (View: 7, DB: 0) | 200 OK [http://localhost/users]


Processing ProductsController#index (for 127.0.0.1 at 2009-03-05 17:59:24) [GET]
  [4;36;1mProduct Load (1.1ms)[0m   [0;1mSELECT * FROM "products" [0m
Rendering template within layouts/products
Rendering products/index
Completed in 38ms (View: 18, DB: 1) | 200 OK [http://localhost/products]


Processing UsersController#index (for 127.0.0.1 at 2009-03-05 17:59:26) [GET]
  [4;35;1mUser Load (0.5ms)[0m   [0mSELECT * FROM "users" [0m
Rendering template within layouts/users
Rendering users/index
Completed in 25ms (View: 6, DB: 0) | 200 OK [http://localhost/users]


Processing ProductsController#index (for 127.0.0.1 at 2009-03-05 17:59:28) [GET]
  [4;36;1mProduct Load (1.0ms)[0m   [0;1mSELECT * FROM "products" [0m
Rendering template within layouts/products
Rendering products/index
Completed in 39ms (View: 19, DB: 1) | 200 OK [http://localhost/products]


Processing UsersController#index (for 127.0.0.1 at 2009-03-05 17:59:31) [GET]
  [4;35;1mUser Load (0.5ms)[0m   [0mSELECT * FROM "users" [0m
Rendering template within layouts/users
Rendering users/index
Completed in 26ms (View: 7, DB: 1) | 200 OK [http://localhost/users]


Processing ProductsController#index (for 127.0.0.1 at 2009-03-05 17:59:33) [GET]
  [4;36;1mProduct Load (1.0ms)[0m   [0;1mSELECT * FROM "products" [0m
Rendering template within layouts/products
Rendering products/index
Completed in 39ms (View: 17, DB: 1) | 200 OK [http://localhost/products]


Processing ApplicationController#index (for 127.0.0.1 at 2009-03-05 18:02:57) [GET]


ActionController::RoutingError (No route matches "/catalog" with {:method=>:get}):
    /opt/local/lib/ruby/gems/1.8/gems/actionpack-2.2.2/lib/action_controller/routing/recognition_optimisation.rb:66:in `recognize_path'
    /opt/local/lib/ruby/gems/1.8/gems/actionpack-2.2.2/lib/action_controller/routing/route_set.rb:386:in `recognize'
    /opt/local/lib/ruby/gems/1.8/gems/actionpack-2.2.2/lib/action_controller/dispatcher.rb:182:in `handle_request'
    /opt/local/lib/ruby/gems/1.8/gems/actionpack-2.2.2/lib/action_controller/dispatcher.rb:110:in `dispatch_unlocked'
    /opt/local/lib/ruby/gems/1.8/gems/actionpack-2.2.2/lib/action_controller/dispatcher.rb:123:in `dispatch'
    /opt/local/lib/ruby/gems/1.8/gems/actionpack-2.2.2/lib/action_controller/dispatcher.rb:122:in `synchronize'
    /opt/local/lib/ruby/gems/1.8/gems/actionpack-2.2.2/lib/action_controller/dispatcher.rb:122:in `dispatch'
    /opt/local/lib/ruby/gems/1.8/gems/actionpack-2.2.2/lib/action_controller/dispatcher.rb:132:in `dispatch_cgi'
    /opt/local/lib/ruby/gems/1.8/gems/actionpack-2.2.2/lib/action_controller/dispatcher.rb:39:in `dispatch'
    /Users/tom/.gem/ruby/1.8/gems/mongrel-1.1.5/bin/../lib/mongrel/rails.rb:76:in `process'
    /Users/tom/.gem/ruby/1.8/gems/mongrel-1.1.5/bin/../lib/mongrel/rails.rb:74:in `synchronize'
    /Users/tom/.gem/ruby/1.8/gems/mongrel-1.1.5/bin/../lib/mongrel/rails.rb:74:in `process'
    /Users/tom/.gem/ruby/1.8/gems/mongrel-1.1.5/lib/mongrel.rb:159:in `process_client'
    /Users/tom/.gem/ruby/1.8/gems/mongrel-1.1.5/lib/mongrel.rb:158:in `each'
    /Users/tom/.gem/ruby/1.8/gems/mongrel-1.1.5/lib/mongrel.rb:158:in `process_client'
    /Users/tom/.gem/ruby/1.8/gems/mongrel-1.1.5/lib/mongrel.rb:285:in `run'
    /Users/tom/.gem/ruby/1.8/gems/mongrel-1.1.5/lib/mongrel.rb:285:in `initialize'
    /Users/tom/.gem/ruby/1.8/gems/mongrel-1.1.5/lib/mongrel.rb:285:in `new'
    /Users/tom/.gem/ruby/1.8/gems/mongrel-1.1.5/lib/mongrel.rb:285:in `run'
    /Users/tom/.gem/ruby/1.8/gems/mongrel-1.1.5/lib/mongrel.rb:268:in `initialize'
    /Users/tom/.gem/ruby/1.8/gems/mongrel-1.1.5/lib/mongrel.rb:268:in `new'
    /Users/tom/.gem/ruby/1.8/gems/mongrel-1.1.5/lib/mongrel.rb:268:in `run'
    /Users/tom/.gem/ruby/1.8/gems/mongrel-1.1.5/lib/mongrel/configurator.rb:282:in `run'
    /Users/tom/.gem/ruby/1.8/gems/mongrel-1.1.5/lib/mongrel/configurator.rb:281:in `each'
    /Users/tom/.gem/ruby/1.8/gems/mongrel-1.1.5/lib/mongrel/configurator.rb:281:in `run'
    /Users/tom/.gem/ruby/1.8/gems/mongrel-1.1.5/bin/mongrel_rails:128:in `run'
    /Users/tom/.gem/ruby/1.8/gems/mongrel-1.1.5/lib/mongrel/command.rb:212:in `run'
    /Users/tom/.gem/ruby/1.8/gems/mongrel-1.1.5/bin/mongrel_rails:281
    /opt/local/lib/ruby/gems/1.8/gems/activesupport-2.2.2/lib/active_support/dependencies.rb:142:in `load_without_new_constant_marking'
    /opt/local/lib/ruby/gems/1.8/gems/activesupport-2.2.2/lib/active_support/dependencies.rb:142:in `load'
    /opt/local/lib/ruby/gems/1.8/gems/activesupport-2.2.2/lib/active_support/dependencies.rb:521:in `new_constants_in'
    /opt/local/lib/ruby/gems/1.8/gems/activesupport-2.2.2/lib/active_support/dependencies.rb:142:in `load'
    /opt/local/lib/ruby/gems/1.8/gems/rails-2.2.2/lib/commands/servers/mongrel.rb:64
    /opt/local/lib/ruby/site_ruby/1.8/rubygems/custom_require.rb:31:in `gem_original_require'
    /opt/local/lib/ruby/site_ruby/1.8/rubygems/custom_require.rb:31:in `require'
    /opt/local/lib/ruby/gems/1.8/gems/activesupport-2.2.2/lib/active_support/dependencies.rb:153:in `require'
    /opt/local/lib/ruby/gems/1.8/gems/activesupport-2.2.2/lib/active_support/dependencies.rb:521:in `new_constants_in'
    /opt/local/lib/ruby/gems/1.8/gems/activesupport-2.2.2/lib/active_support/dependencies.rb:153:in `require'
    /opt/local/lib/ruby/gems/1.8/gems/rails-2.2.2/lib/commands/server.rb:49
    /opt/local/lib/ruby/site_ruby/1.8/rubygems/custom_require.rb:31:in `gem_original_require'
    /opt/local/lib/ruby/site_ruby/1.8/rubygems/custom_require.rb:31:in `require'
    script/server:3

Rendering /opt/local/lib/ruby/gems/1.8/gems/actionpack-2.2.2/lib/action_controller/templates/rescues/layout.erb (not_found)


Processing CatalogController#index (for 127.0.0.1 at 2009-03-05 18:03:21) [GET]
Rendering catalog/index
Completed in 11ms (View: 3, DB: 0) | 200 OK [http://localhost/catalog]


Processing CatalogController#index (for 127.0.0.1 at 2009-03-05 18:03:22) [GET]
Rendering catalog/index
Completed in 11ms (View: 3, DB: 0) | 200 OK [http://localhost/catalog]


Processing CatalogController#index (for 127.0.0.1 at 2009-03-05 18:03:56) [GET]
Rendering catalog/index
Completed in 11ms (View: 3, DB: 0) | 200 OK [http://localhost/catalog]


Processing CatalogController#index (for 127.0.0.1 at 2009-03-05 18:05:25) [GET]
Rendering catalog/index
Completed in 13ms (View: 5, DB: 0) | 200 OK [http://localhost/catalog]


Processing ProductsController#index (for 127.0.0.1 at 2009-03-05 18:06:09) [GET]
  [4;36;1mProduct Load (1.5ms)[0m   [0;1mSELECT * FROM "products" [0m
Rendering template within layouts/products
Rendering products/index
Completed in 42ms (View: 21, DB: 2) | 200 OK [http://localhost/products]


Processing CatalogController#index (for 127.0.0.1 at 2009-03-05 18:06:14) [GET]
  [4;35;1mProduct Load (1.0ms)[0m   [0mSELECT * FROM "products" [0m
Rendering catalog/index
Completed in 22ms (View: 3, DB: 1) | 200 OK [http://localhost/catalog]


Processing CatalogController#index (for 127.0.0.1 at 2009-03-05 18:07:13) [GET]
  [4;36;1mProduct Load (1.0ms)[0m   [0;1mSELECT * FROM "products" [0m
Rendering catalog/index
Completed in 34ms (View: 14, DB: 1) | 200 OK [http://localhost/catalog]


Processing CatalogController#index (for 127.0.0.1 at 2009-03-05 18:09:57) [GET]
  [4;35;1mProduct Load (1.1ms)[0m   [0mSELECT * FROM "products" [0m
Rendering catalog/index
Completed in 32ms (View: 13, DB: 1) | 200 OK [http://localhost/catalog]


Processing CatalogController#index (for 127.0.0.1 at 2009-03-05 18:10:12) [GET]
  [4;36;1mProduct Load (1.0ms)[0m   [0;1mSELECT * FROM "products" [0m
Rendering catalog/index
Completed in 31ms (View: 13, DB: 1) | 200 OK [http://localhost/catalog]


Processing CatalogController#index (for 127.0.0.1 at 2009-03-05 18:19:32) [GET]
  [4;35;1mProduct Load (1.0ms)[0m   [0mSELECT * FROM "products" [0m
Rendering catalog/index
Completed in 93ms (View: 74, DB: 1) | 200 OK [http://localhost/catalog]


Processing CatalogController#index (for 127.0.0.1 at 2009-03-05 18:19:51) [GET]
  [4;36;1mProduct Load (1.0ms)[0m   [0;1mSELECT * FROM "products" [0m
Rendering catalog/index
Completed in 32ms (View: 13, DB: 1) | 200 OK [http://localhost/catalog]


Processing CatalogController#index (for 127.0.0.1 at 2009-03-05 18:20:45) [GET]
  [4;35;1mProduct Load (1.1ms)[0m   [0mSELECT * FROM "products" [0m
Rendering catalog/index
Completed in 33ms (View: 14, DB: 1) | 200 OK [http://localhost/catalog]


Processing CatalogController#index (for 127.0.0.1 at 2009-03-05 18:21:02) [GET]
  [4;36;1mProduct Load (1.1ms)[0m   [0;1mSELECT * FROM "products" [0m
Rendering catalog/index
Completed in 39ms (View: 17, DB: 1) | 200 OK [http://localhost/catalog]


Processing CatalogController#index (for 127.0.0.1 at 2009-03-05 18:22:14) [GET]
  [4;35;1mProduct Load (1.3ms)[0m   [0mSELECT * FROM "products" [0m
Rendering catalog/index
Completed in 37ms (View: 15, DB: 1) | 200 OK [http://localhost/catalog]


Processing CatalogController#index (for 127.0.0.1 at 2009-03-05 18:23:05) [GET]
  [4;36;1mProduct Load (1.0ms)[0m   [0;1mSELECT * FROM "products" [0m
Rendering catalog/index
Completed in 32ms (View: 13, DB: 1) | 200 OK [http://localhost/catalog]


Processing CatalogController#index (for 127.0.0.1 at 2009-03-05 18:24:51) [GET]
  [4;35;1mProduct Load (1.0ms)[0m   [0mSELECT * FROM "products" [0m
Rendering catalog/index
Completed in 32ms (View: 13, DB: 1) | 200 OK [http://localhost/catalog]


Processing ProductsController#buy (for 127.0.0.1 at 2009-03-05 18:25:12) [GET]
  Parameters: {"id"=>"1"}


ActionController::UnknownAction (No action responded to buy. Actions: create, destroy, edit, index, new, show, and update):
    /opt/local/lib/ruby/gems/1.8/gems/actionpack-2.2.2/lib/action_controller/filters.rb:617:in `call_filters'
    /opt/local/lib/ruby/gems/1.8/gems/actionpack-2.2.2/lib/action_controller/filters.rb:610:in `perform_action_without_benchmark'
    /opt/local/lib/ruby/gems/1.8/gems/actionpack-2.2.2/lib/action_controller/benchmarking.rb:68:in `perform_action_without_rescue'
    /opt/local/lib/ruby/1.8/benchmark.rb:293:in `measure'
    /opt/local/lib/ruby/gems/1.8/gems/actionpack-2.2.2/lib/action_controller/benchmarking.rb:68:in `perform_action_without_rescue'
    /opt/local/lib/ruby/gems/1.8/gems/actionpack-2.2.2/lib/action_controller/rescue.rb:136:in `perform_action_without_caching'
    /opt/local/lib/ruby/gems/1.8/gems/actionpack-2.2.2/lib/action_controller/caching/sql_cache.rb:13:in `perform_action'
    /opt/local/lib/ruby/gems/1.8/gems/activerecord-2.2.2/lib/active_record/connection_adapters/abstract/query_cache.rb:34:in `cache'
    /opt/local/lib/ruby/gems/1.8/gems/activerecord-2.2.2/lib/active_record/query_cache.rb:8:in `cache'
    /opt/local/lib/ruby/gems/1.8/gems/actionpack-2.2.2/lib/action_controller/caching/sql_cache.rb:12:in `perform_action'
    /opt/local/lib/ruby/gems/1.8/gems/actionpack-2.2.2/lib/action_controller/base.rb:524:in `send'
    /opt/local/lib/ruby/gems/1.8/gems/actionpack-2.2.2/lib/action_controller/base.rb:524:in `process_without_filters'
    /opt/local/lib/ruby/gems/1.8/gems/actionpack-2.2.2/lib/action_controller/filters.rb:606:in `process_without_session_management_support'
    /opt/local/lib/ruby/gems/1.8/gems/actionpack-2.2.2/lib/action_controller/session_management.rb:134:in `process'
    /opt/local/lib/ruby/gems/1.8/gems/actionpack-2.2.2/lib/action_controller/base.rb:392:in `process'
    /opt/local/lib/ruby/gems/1.8/gems/actionpack-2.2.2/lib/action_controller/dispatcher.rb:183:in `handle_request'
    /opt/local/lib/ruby/gems/1.8/gems/actionpack-2.2.2/lib/action_controller/dispatcher.rb:110:in `dispatch_unlocked'
    /opt/local/lib/ruby/gems/1.8/gems/actionpack-2.2.2/lib/action_controller/dispatcher.rb:123:in `dispatch'
    /opt/local/lib/ruby/gems/1.8/gems/actionpack-2.2.2/lib/action_controller/dispatcher.rb:122:in `synchronize'
    /opt/local/lib/ruby/gems/1.8/gems/actionpack-2.2.2/lib/action_controller/dispatcher.rb:122:in `dispatch'
    /opt/local/lib/ruby/gems/1.8/gems/actionpack-2.2.2/lib/action_controller/dispatcher.rb:132:in `dispatch_cgi'
    /opt/local/lib/ruby/gems/1.8/gems/actionpack-2.2.2/lib/action_controller/dispatcher.rb:39:in `dispatch'
    /Users/tom/.gem/ruby/1.8/gems/mongrel-1.1.5/bin/../lib/mongrel/rails.rb:76:in `process'
    /Users/tom/.gem/ruby/1.8/gems/mongrel-1.1.5/bin/../lib/mongrel/rails.rb:74:in `synchronize'
    /Users/tom/.gem/ruby/1.8/gems/mongrel-1.1.5/bin/../lib/mongrel/rails.rb:74:in `process'
    /Users/tom/.gem/ruby/1.8/gems/mongrel-1.1.5/lib/mongrel.rb:159:in `process_client'
    /Users/tom/.gem/ruby/1.8/gems/mongrel-1.1.5/lib/mongrel.rb:158:in `each'
    /Users/tom/.gem/ruby/1.8/gems/mongrel-1.1.5/lib/mongrel.rb:158:in `process_client'
    /Users/tom/.gem/ruby/1.8/gems/mongrel-1.1.5/lib/mongrel.rb:285:in `run'
    /Users/tom/.gem/ruby/1.8/gems/mongrel-1.1.5/lib/mongrel.rb:285:in `initialize'
    /Users/tom/.gem/ruby/1.8/gems/mongrel-1.1.5/lib/mongrel.rb:285:in `new'
    /Users/tom/.gem/ruby/1.8/gems/mongrel-1.1.5/lib/mongrel.rb:285:in `run'
    /Users/tom/.gem/ruby/1.8/gems/mongrel-1.1.5/lib/mongrel.rb:268:in `initialize'
    /Users/tom/.gem/ruby/1.8/gems/mongrel-1.1.5/lib/mongrel.rb:268:in `new'
    /Users/tom/.gem/ruby/1.8/gems/mongrel-1.1.5/lib/mongrel.rb:268:in `run'
    /Users/tom/.gem/ruby/1.8/gems/mongrel-1.1.5/lib/mongrel/configurator.rb:282:in `run'
    /Users/tom/.gem/ruby/1.8/gems/mongrel-1.1.5/lib/mongrel/configurator.rb:281:in `each'
    /Users/tom/.gem/ruby/1.8/gems/mongrel-1.1.5/lib/mongrel/configurator.rb:281:in `run'
    /Users/tom/.gem/ruby/1.8/gems/mongrel-1.1.5/bin/mongrel_rails:128:in `run'
    /Users/tom/.gem/ruby/1.8/gems/mongrel-1.1.5/lib/mongrel/command.rb:212:in `run'
    /Users/tom/.gem/ruby/1.8/gems/mongrel-1.1.5/bin/mongrel_rails:281
    /opt/local/lib/ruby/gems/1.8/gems/activesupport-2.2.2/lib/active_support/dependencies.rb:142:in `load_without_new_constant_marking'
    /opt/local/lib/ruby/gems/1.8/gems/activesupport-2.2.2/lib/active_support/dependencies.rb:142:in `load'
    /opt/local/lib/ruby/gems/1.8/gems/activesupport-2.2.2/lib/active_support/dependencies.rb:521:in `new_constants_in'
    /opt/local/lib/ruby/gems/1.8/gems/activesupport-2.2.2/lib/active_support/dependencies.rb:142:in `load'
    /opt/local/lib/ruby/gems/1.8/gems/rails-2.2.2/lib/commands/servers/mongrel.rb:64
    /opt/local/lib/ruby/site_ruby/1.8/rubygems/custom_require.rb:31:in `gem_original_require'
    /opt/local/lib/ruby/site_ruby/1.8/rubygems/custom_require.rb:31:in `require'
    /opt/local/lib/ruby/gems/1.8/gems/activesupport-2.2.2/lib/active_support/dependencies.rb:153:in `require'
    /opt/local/lib/ruby/gems/1.8/gems/activesupport-2.2.2/lib/active_support/dependencies.rb:521:in `new_constants_in'
    /opt/local/lib/ruby/gems/1.8/gems/activesupport-2.2.2/lib/active_support/dependencies.rb:153:in `require'
    /opt/local/lib/ruby/gems/1.8/gems/rails-2.2.2/lib/commands/server.rb:49
    /opt/local/lib/ruby/site_ruby/1.8/rubygems/custom_require.rb:31:in `gem_original_require'
    /opt/local/lib/ruby/site_ruby/1.8/rubygems/custom_require.rb:31:in `require'
    script/server:3

Rendering /opt/local/lib/ruby/gems/1.8/gems/actionpack-2.2.2/lib/action_controller/templates/rescues/layout.erb (not_found)


Processing CatalogController#index (for 127.0.0.1 at 2009-03-05 18:25:46) [GET]
  [4;36;1mProduct Load (1.1ms)[0m   [0;1mSELECT * FROM "products" [0m
Rendering catalog/index
Completed in 30ms (View: 12, DB: 1) | 200 OK [http://localhost/catalog]


Processing ProductsController#buy (for 127.0.0.1 at 2009-03-05 18:25:48) [GET]
  Parameters: {"id"=>"1"}
Rendering template within layouts/products
Rendering products/buy


ActionView::MissingTemplate (Missing template products/buy.erb in view path /Users/tom/NetBeansProjects/RailsApplication1/app/views:):
    /opt/local/lib/ruby/gems/1.8/gems/actionpack-2.2.2/lib/action_view/template.rb:95:in `find_full_path'
    /opt/local/lib/ruby/gems/1.8/gems/actionpack-2.2.2/lib/action_view/template.rb:16:in `initialize'
    /opt/local/lib/ruby/gems/1.8/gems/actionpack-2.2.2/lib/action_view/base.rb:332:in `new'
    /opt/local/lib/ruby/gems/1.8/gems/actionpack-2.2.2/lib/action_view/base.rb:332:in `_unmemoized__pick_template'
    /opt/local/lib/ruby/gems/1.8/gems/activesupport-2.2.2/lib/active_support/memoizable.rb:70:in `_pick_template'
    /opt/local/lib/ruby/gems/1.8/gems/actionpack-2.2.2/lib/action_view/base.rb:256:in `render'
    /opt/local/lib/ruby/gems/1.8/gems/actionpack-2.2.2/lib/action_view/base.rb:367:in `_render_with_layout'
    /opt/local/lib/ruby/gems/1.8/gems/actionpack-2.2.2/lib/action_view/base.rb:254:in `render'
    /opt/local/lib/ruby/gems/1.8/gems/actionpack-2.2.2/lib/action_controller/base.rb:1174:in `render_for_file'
    /opt/local/lib/ruby/gems/1.8/gems/actionpack-2.2.2/lib/action_controller/base.rb:896:in `render_without_benchmark'
    /opt/local/lib/ruby/gems/1.8/gems/actionpack-2.2.2/lib/action_controller/benchmarking.rb:51:in `render'
    /opt/local/lib/ruby/gems/1.8/gems/activesupport-2.2.2/lib/active_support/core_ext/benchmark.rb:8:in `realtime'
    /opt/local/lib/ruby/gems/1.8/gems/actionpack-2.2.2/lib/action_controller/benchmarking.rb:51:in `render'
    /opt/local/lib/ruby/gems/1.8/gems/actionpack-2.2.2/lib/action_controller/base.rb:868:in `render_without_benchmark'
    /opt/local/lib/ruby/gems/1.8/gems/actionpack-2.2.2/lib/action_controller/benchmarking.rb:51:in `render'
    /opt/local/lib/ruby/gems/1.8/gems/activesupport-2.2.2/lib/active_support/core_ext/benchmark.rb:8:in `realtime'
    /opt/local/lib/ruby/gems/1.8/gems/actionpack-2.2.2/lib/action_controller/benchmarking.rb:51:in `render'
    /opt/local/lib/ruby/gems/1.8/gems/actionpack-2.2.2/lib/action_controller/base.rb:1248:in `default_render'
    /opt/local/lib/ruby/gems/1.8/gems/actionpack-2.2.2/lib/action_controller/base.rb:1254:in `perform_action_without_filters'
    /opt/local/lib/ruby/gems/1.8/gems/actionpack-2.2.2/lib/action_controller/filters.rb:617:in `call_filters'
    /opt/local/lib/ruby/gems/1.8/gems/actionpack-2.2.2/lib/action_controller/filters.rb:610:in `perform_action_without_benchmark'
    /opt/local/lib/ruby/gems/1.8/gems/actionpack-2.2.2/lib/action_controller/benchmarking.rb:68:in `perform_action_without_rescue'
    /opt/local/lib/ruby/1.8/benchmark.rb:293:in `measure'
    /opt/local/lib/ruby/gems/1.8/gems/actionpack-2.2.2/lib/action_controller/benchmarking.rb:68:in `perform_action_without_rescue'
    /opt/local/lib/ruby/gems/1.8/gems/actionpack-2.2.2/lib/action_controller/rescue.rb:136:in `perform_action_without_caching'
    /opt/local/lib/ruby/gems/1.8/gems/actionpack-2.2.2/lib/action_controller/caching/sql_cache.rb:13:in `perform_action'
    /opt/local/lib/ruby/gems/1.8/gems/activerecord-2.2.2/lib/active_record/connection_adapters/abstract/query_cache.rb:34:in `cache'
    /opt/local/lib/ruby/gems/1.8/gems/activerecord-2.2.2/lib/active_record/query_cache.rb:8:in `cache'
    /opt/local/lib/ruby/gems/1.8/gems/actionpack-2.2.2/lib/action_controller/caching/sql_cache.rb:12:in `perform_action'
    /opt/local/lib/ruby/gems/1.8/gems/actionpack-2.2.2/lib/action_controller/base.rb:524:in `send'
    /opt/local/lib/ruby/gems/1.8/gems/actionpack-2.2.2/lib/action_controller/base.rb:524:in `process_without_filters'
    /opt/local/lib/ruby/gems/1.8/gems/actionpack-2.2.2/lib/action_controller/filters.rb:606:in `process_without_session_management_support'
    /opt/local/lib/ruby/gems/1.8/gems/actionpack-2.2.2/lib/action_controller/session_management.rb:134:in `process'
    /opt/local/lib/ruby/gems/1.8/gems/actionpack-2.2.2/lib/action_controller/base.rb:392:in `process'
    /opt/local/lib/ruby/gems/1.8/gems/actionpack-2.2.2/lib/action_controller/dispatcher.rb:183:in `handle_request'
    /opt/local/lib/ruby/gems/1.8/gems/actionpack-2.2.2/lib/action_controller/dispatcher.rb:110:in `dispatch_unlocked'
    /opt/local/lib/ruby/gems/1.8/gems/actionpack-2.2.2/lib/action_controller/dispatcher.rb:123:in `dispatch'
    /opt/local/lib/ruby/gems/1.8/gems/actionpack-2.2.2/lib/action_controller/dispatcher.rb:122:in `synchronize'
    /opt/local/lib/ruby/gems/1.8/gems/actionpack-2.2.2/lib/action_controller/dispatcher.rb:122:in `dispatch'
    /opt/local/lib/ruby/gems/1.8/gems/actionpack-2.2.2/lib/action_controller/dispatcher.rb:132:in `dispatch_cgi'
    /opt/local/lib/ruby/gems/1.8/gems/actionpack-2.2.2/lib/action_controller/dispatcher.rb:39:in `dispatch'
    /Users/tom/.gem/ruby/1.8/gems/mongrel-1.1.5/bin/../lib/mongrel/rails.rb:76:in `process'
    /Users/tom/.gem/ruby/1.8/gems/mongrel-1.1.5/bin/../lib/mongrel/rails.rb:74:in `synchronize'
    /Users/tom/.gem/ruby/1.8/gems/mongrel-1.1.5/bin/../lib/mongrel/rails.rb:74:in `process'
    /Users/tom/.gem/ruby/1.8/gems/mongrel-1.1.5/lib/mongrel.rb:159:in `process_client'
    /Users/tom/.gem/ruby/1.8/gems/mongrel-1.1.5/lib/mongrel.rb:158:in `each'
    /Users/tom/.gem/ruby/1.8/gems/mongrel-1.1.5/lib/mongrel.rb:158:in `process_client'
    /Users/tom/.gem/ruby/1.8/gems/mongrel-1.1.5/lib/mongrel.rb:285:in `run'
    /Users/tom/.gem/ruby/1.8/gems/mongrel-1.1.5/lib/mongrel.rb:285:in `initialize'
    /Users/tom/.gem/ruby/1.8/gems/mongrel-1.1.5/lib/mongrel.rb:285:in `new'
    /Users/tom/.gem/ruby/1.8/gems/mongrel-1.1.5/lib/mongrel.rb:285:in `run'
    /Users/tom/.gem/ruby/1.8/gems/mongrel-1.1.5/lib/mongrel.rb:268:in `initialize'
    /Users/tom/.gem/ruby/1.8/gems/mongrel-1.1.5/lib/mongrel.rb:268:in `new'
    /Users/tom/.gem/ruby/1.8/gems/mongrel-1.1.5/lib/mongrel.rb:268:in `run'
    /Users/tom/.gem/ruby/1.8/gems/mongrel-1.1.5/lib/mongrel/configurator.rb:282:in `run'
    /Users/tom/.gem/ruby/1.8/gems/mongrel-1.1.5/lib/mongrel/configurator.rb:281:in `each'
    /Users/tom/.gem/ruby/1.8/gems/mongrel-1.1.5/lib/mongrel/configurator.rb:281:in `run'
    /Users/tom/.gem/ruby/1.8/gems/mongrel-1.1.5/bin/mongrel_rails:128:in `run'
    /Users/tom/.gem/ruby/1.8/gems/mongrel-1.1.5/lib/mongrel/command.rb:212:in `run'
    /Users/tom/.gem/ruby/1.8/gems/mongrel-1.1.5/bin/mongrel_rails:281
    /opt/local/lib/ruby/gems/1.8/gems/activesupport-2.2.2/lib/active_support/dependencies.rb:142:in `load_without_new_constant_marking'
    /opt/local/lib/ruby/gems/1.8/gems/activesupport-2.2.2/lib/active_support/dependencies.rb:142:in `load'
    /opt/local/lib/ruby/gems/1.8/gems/activesupport-2.2.2/lib/active_support/dependencies.rb:521:in `new_constants_in'
    /opt/local/lib/ruby/gems/1.8/gems/activesupport-2.2.2/lib/active_support/dependencies.rb:142:in `load'
    /opt/local/lib/ruby/gems/1.8/gems/rails-2.2.2/lib/commands/servers/mongrel.rb:64
    /opt/local/lib/ruby/site_ruby/1.8/rubygems/custom_require.rb:31:in `gem_original_require'
    /opt/local/lib/ruby/site_ruby/1.8/rubygems/custom_require.rb:31:in `require'
    /opt/local/lib/ruby/gems/1.8/gems/activesupport-2.2.2/lib/active_support/dependencies.rb:153:in `require'
    /opt/local/lib/ruby/gems/1.8/gems/activesupport-2.2.2/lib/active_support/dependencies.rb:521:in `new_constants_in'
    /opt/local/lib/ruby/gems/1.8/gems/activesupport-2.2.2/lib/active_support/dependencies.rb:153:in `require'
    /opt/local/lib/ruby/gems/1.8/gems/rails-2.2.2/lib/commands/server.rb:49
    /opt/local/lib/ruby/site_ruby/1.8/rubygems/custom_require.rb:31:in `gem_original_require'
    /opt/local/lib/ruby/site_ruby/1.8/rubygems/custom_require.rb:31:in `require'
    script/server:3

Rendering /opt/local/lib/ruby/gems/1.8/gems/actionpack-2.2.2/lib/action_controller/templates/rescues/layout.erb (internal_server_error)


Processing ProductsController#buy (for 127.0.0.1 at 2009-03-05 18:27:01) [GET]
  Parameters: {"id"=>"1"}
Rendering template within layouts/products
Rendering products/buy


ActionView::MissingTemplate (Missing template products/buy.erb in view path /Users/tom/NetBeansProjects/RailsApplication1/app/views:):
    /opt/local/lib/ruby/gems/1.8/gems/actionpack-2.2.2/lib/action_view/template.rb:95:in `find_full_path'
    /opt/local/lib/ruby/gems/1.8/gems/actionpack-2.2.2/lib/action_view/template.rb:16:in `initialize'
    /opt/local/lib/ruby/gems/1.8/gems/actionpack-2.2.2/lib/action_view/base.rb:332:in `new'
    /opt/local/lib/ruby/gems/1.8/gems/actionpack-2.2.2/lib/action_view/base.rb:332:in `_unmemoized__pick_template'
    /opt/local/lib/ruby/gems/1.8/gems/activesupport-2.2.2/lib/active_support/memoizable.rb:70:in `_pick_template'
    /opt/local/lib/ruby/gems/1.8/gems/actionpack-2.2.2/lib/action_view/base.rb:256:in `render'
    /opt/local/lib/ruby/gems/1.8/gems/actionpack-2.2.2/lib/action_view/base.rb:367:in `_render_with_layout'
    /opt/local/lib/ruby/gems/1.8/gems/actionpack-2.2.2/lib/action_view/base.rb:254:in `render'
    /opt/local/lib/ruby/gems/1.8/gems/actionpack-2.2.2/lib/action_controller/base.rb:1174:in `render_for_file'
    /opt/local/lib/ruby/gems/1.8/gems/actionpack-2.2.2/lib/action_controller/base.rb:896:in `render_without_benchmark'
    /opt/local/lib/ruby/gems/1.8/gems/actionpack-2.2.2/lib/action_controller/benchmarking.rb:51:in `render'
    /opt/local/lib/ruby/gems/1.8/gems/activesupport-2.2.2/lib/active_support/core_ext/benchmark.rb:8:in `realtime'
    /opt/local/lib/ruby/gems/1.8/gems/actionpack-2.2.2/lib/action_controller/benchmarking.rb:51:in `render'
    /opt/local/lib/ruby/gems/1.8/gems/actionpack-2.2.2/lib/action_controller/base.rb:868:in `render_without_benchmark'
    /opt/local/lib/ruby/gems/1.8/gems/actionpack-2.2.2/lib/action_controller/benchmarking.rb:51:in `render'
    /opt/local/lib/ruby/gems/1.8/gems/activesupport-2.2.2/lib/active_support/core_ext/benchmark.rb:8:in `realtime'
    /opt/local/lib/ruby/gems/1.8/gems/actionpack-2.2.2/lib/action_controller/benchmarking.rb:51:in `render'
    /opt/local/lib/ruby/gems/1.8/gems/actionpack-2.2.2/lib/action_controller/base.rb:1248:in `default_render'
    /opt/local/lib/ruby/gems/1.8/gems/actionpack-2.2.2/lib/action_controller/base.rb:1254:in `perform_action_without_filters'
    /opt/local/lib/ruby/gems/1.8/gems/actionpack-2.2.2/lib/action_controller/filters.rb:617:in `call_filters'
    /opt/local/lib/ruby/gems/1.8/gems/actionpack-2.2.2/lib/action_controller/filters.rb:610:in `perform_action_without_benchmark'
    /opt/local/lib/ruby/gems/1.8/gems/actionpack-2.2.2/lib/action_controller/benchmarking.rb:68:in `perform_action_without_rescue'
    /opt/local/lib/ruby/1.8/benchmark.rb:293:in `measure'
    /opt/local/lib/ruby/gems/1.8/gems/actionpack-2.2.2/lib/action_controller/benchmarking.rb:68:in `perform_action_without_rescue'
    /opt/local/lib/ruby/gems/1.8/gems/actionpack-2.2.2/lib/action_controller/rescue.rb:136:in `perform_action_without_caching'
    /opt/local/lib/ruby/gems/1.8/gems/actionpack-2.2.2/lib/action_controller/caching/sql_cache.rb:13:in `perform_action'
    /opt/local/lib/ruby/gems/1.8/gems/activerecord-2.2.2/lib/active_record/connection_adapters/abstract/query_cache.rb:34:in `cache'
    /opt/local/lib/ruby/gems/1.8/gems/activerecord-2.2.2/lib/active_record/query_cache.rb:8:in `cache'
    /opt/local/lib/ruby/gems/1.8/gems/actionpack-2.2.2/lib/action_controller/caching/sql_cache.rb:12:in `perform_action'
    /opt/local/lib/ruby/gems/1.8/gems/actionpack-2.2.2/lib/action_controller/base.rb:524:in `send'
    /opt/local/lib/ruby/gems/1.8/gems/actionpack-2.2.2/lib/action_controller/base.rb:524:in `process_without_filters'
    /opt/local/lib/ruby/gems/1.8/gems/actionpack-2.2.2/lib/action_controller/filters.rb:606:in `process_without_session_management_support'
    /opt/local/lib/ruby/gems/1.8/gems/actionpack-2.2.2/lib/action_controller/session_management.rb:134:in `process'
    /opt/local/lib/ruby/gems/1.8/gems/actionpack-2.2.2/lib/action_controller/base.rb:392:in `process'
    /opt/local/lib/ruby/gems/1.8/gems/actionpack-2.2.2/lib/action_controller/dispatcher.rb:183:in `handle_request'
    /opt/local/lib/ruby/gems/1.8/gems/actionpack-2.2.2/lib/action_controller/dispatcher.rb:110:in `dispatch_unlocked'
    /opt/local/lib/ruby/gems/1.8/gems/actionpack-2.2.2/lib/action_controller/dispatcher.rb:123:in `dispatch'
    /opt/local/lib/ruby/gems/1.8/gems/actionpack-2.2.2/lib/action_controller/dispatcher.rb:122:in `synchronize'
    /opt/local/lib/ruby/gems/1.8/gems/actionpack-2.2.2/lib/action_controller/dispatcher.rb:122:in `dispatch'
    /opt/local/lib/ruby/gems/1.8/gems/actionpack-2.2.2/lib/action_controller/dispatcher.rb:132:in `dispatch_cgi'
    /opt/local/lib/ruby/gems/1.8/gems/actionpack-2.2.2/lib/action_controller/dispatcher.rb:39:in `dispatch'
    /Users/tom/.gem/ruby/1.8/gems/mongrel-1.1.5/bin/../lib/mongrel/rails.rb:76:in `process'
    /Users/tom/.gem/ruby/1.8/gems/mongrel-1.1.5/bin/../lib/mongrel/rails.rb:74:in `synchronize'
    /Users/tom/.gem/ruby/1.8/gems/mongrel-1.1.5/bin/../lib/mongrel/rails.rb:74:in `process'
    /Users/tom/.gem/ruby/1.8/gems/mongrel-1.1.5/lib/mongrel.rb:159:in `process_client'
    /Users/tom/.gem/ruby/1.8/gems/mongrel-1.1.5/lib/mongrel.rb:158:in `each'
    /Users/tom/.gem/ruby/1.8/gems/mongrel-1.1.5/lib/mongrel.rb:158:in `process_client'
    /Users/tom/.gem/ruby/1.8/gems/mongrel-1.1.5/lib/mongrel.rb:285:in `run'
    /Users/tom/.gem/ruby/1.8/gems/mongrel-1.1.5/lib/mongrel.rb:285:in `initialize'
    /Users/tom/.gem/ruby/1.8/gems/mongrel-1.1.5/lib/mongrel.rb:285:in `new'
    /Users/tom/.gem/ruby/1.8/gems/mongrel-1.1.5/lib/mongrel.rb:285:in `run'
    /Users/tom/.gem/ruby/1.8/gems/mongrel-1.1.5/lib/mongrel.rb:268:in `initialize'
    /Users/tom/.gem/ruby/1.8/gems/mongrel-1.1.5/lib/mongrel.rb:268:in `new'
    /Users/tom/.gem/ruby/1.8/gems/mongrel-1.1.5/lib/mongrel.rb:268:in `run'
    /Users/tom/.gem/ruby/1.8/gems/mongrel-1.1.5/lib/mongrel/configurator.rb:282:in `run'
    /Users/tom/.gem/ruby/1.8/gems/mongrel-1.1.5/lib/mongrel/configurator.rb:281:in `each'
    /Users/tom/.gem/ruby/1.8/gems/mongrel-1.1.5/lib/mongrel/configurator.rb:281:in `run'
    /Users/tom/.gem/ruby/1.8/gems/mongrel-1.1.5/bin/mongrel_rails:128:in `run'
    /Users/tom/.gem/ruby/1.8/gems/mongrel-1.1.5/lib/mongrel/command.rb:212:in `run'
    /Users/tom/.gem/ruby/1.8/gems/mongrel-1.1.5/bin/mongrel_rails:281
    /opt/local/lib/ruby/gems/1.8/gems/activesupport-2.2.2/lib/active_support/dependencies.rb:142:in `load_without_new_constant_marking'
    /opt/local/lib/ruby/gems/1.8/gems/activesupport-2.2.2/lib/active_support/dependencies.rb:142:in `load'
    /opt/local/lib/ruby/gems/1.8/gems/activesupport-2.2.2/lib/active_support/dependencies.rb:521:in `new_constants_in'
    /opt/local/lib/ruby/gems/1.8/gems/activesupport-2.2.2/lib/active_support/dependencies.rb:142:in `load'
    /opt/local/lib/ruby/gems/1.8/gems/rails-2.2.2/lib/commands/servers/mongrel.rb:64
    /opt/local/lib/ruby/site_ruby/1.8/rubygems/custom_require.rb:31:in `gem_original_require'
    /opt/local/lib/ruby/site_ruby/1.8/rubygems/custom_require.rb:31:in `require'
    /opt/local/lib/ruby/gems/1.8/gems/activesupport-2.2.2/lib/active_support/dependencies.rb:153:in `require'
    /opt/local/lib/ruby/gems/1.8/gems/activesupport-2.2.2/lib/active_support/dependencies.rb:521:in `new_constants_in'
    /opt/local/lib/ruby/gems/1.8/gems/activesupport-2.2.2/lib/active_support/dependencies.rb:153:in `require'
    /opt/local/lib/ruby/gems/1.8/gems/rails-2.2.2/lib/commands/server.rb:49
    /opt/local/lib/ruby/site_ruby/1.8/rubygems/custom_require.rb:31:in `gem_original_require'
    /opt/local/lib/ruby/site_ruby/1.8/rubygems/custom_require.rb:31:in `require'
    script/server:3

Rendering /opt/local/lib/ruby/gems/1.8/gems/actionpack-2.2.2/lib/action_controller/templates/rescues/layout.erb (internal_server_error)


Processing ProductsController#buy (for 127.0.0.1 at 2009-03-05 18:32:40) [GET]
  Parameters: {"id"=>"1"}
  [4;35;1mProduct Load (0.8ms)[0m   [0mSELECT * FROM "products" WHERE ("products"."id" = 1) [0m
Rendering template within layouts/products
Rendering products/buy
Completed in 34ms (View: 10, DB: 1) | 200 OK [http://localhost/products/buy/1]


Processing CatalogController#index (for 127.0.0.1 at 2009-03-05 18:32:45) [GET]
  [4;36;1mProduct Load (1.0ms)[0m   [0;1mSELECT * FROM "products" [0m
Rendering catalog/index
Completed in 31ms (View: 12, DB: 1) | 200 OK [http://localhost/catalog]


Processing ProductsController#buy (for 127.0.0.1 at 2009-03-05 18:32:49) [GET]
  Parameters: {"id"=>"1"}
  [4;35;1mProduct Load (0.8ms)[0m   [0mSELECT * FROM "products" WHERE ("products"."id" = 1) [0m
Rendering template within layouts/products
Rendering products/buy
Completed in 33ms (View: 10, DB: 1) | 200 OK [http://localhost/products/buy/1]


Processing ProductsController#buy (for 127.0.0.1 at 2009-03-05 18:36:48) [GET]
  Parameters: {"id"=>"1"}
  [4;36;1mProduct Load (0.8ms)[0m   [0;1mSELECT * FROM "products" WHERE ("products"."id" = 1) [0m
Rendering template within layouts/main
Rendering products/buy


ActionView::MissingTemplate (Missing layout layouts/main.erb in view path /Users/tom/NetBeansProjects/RailsApplication1/app/views:):
    /opt/local/lib/ruby/gems/1.8/gems/actionpack-2.2.2/lib/action_view/template.rb:95:in `find_full_path'
    /opt/local/lib/ruby/gems/1.8/gems/actionpack-2.2.2/lib/action_view/template.rb:16:in `initialize'
    /opt/local/lib/ruby/gems/1.8/gems/actionpack-2.2.2/lib/action_view/base.rb:332:in `new'
    /opt/local/lib/ruby/gems/1.8/gems/actionpack-2.2.2/lib/action_view/base.rb:332:in `_unmemoized__pick_template'
    /opt/local/lib/ruby/gems/1.8/gems/activesupport-2.2.2/lib/active_support/memoizable.rb:70:in `_pick_template'
    /opt/local/lib/ruby/gems/1.8/gems/actionpack-2.2.2/lib/action_view/base.rb:256:in `render'
    /opt/local/lib/ruby/gems/1.8/gems/actionpack-2.2.2/lib/action_view/base.rb:371:in `_render_with_layout'
    /opt/local/lib/ruby/gems/1.8/gems/actionpack-2.2.2/lib/action_view/base.rb:254:in `render'
    /opt/local/lib/ruby/gems/1.8/gems/actionpack-2.2.2/lib/action_controller/base.rb:1174:in `render_for_file'
    /opt/local/lib/ruby/gems/1.8/gems/actionpack-2.2.2/lib/action_controller/base.rb:896:in `render_without_benchmark'
    /opt/local/lib/ruby/gems/1.8/gems/actionpack-2.2.2/lib/action_controller/benchmarking.rb:51:in `render'
    /opt/local/lib/ruby/gems/1.8/gems/activesupport-2.2.2/lib/active_support/core_ext/benchmark.rb:8:in `realtime'
    /opt/local/lib/ruby/gems/1.8/gems/actionpack-2.2.2/lib/action_controller/benchmarking.rb:51:in `render'
    /opt/local/lib/ruby/gems/1.8/gems/actionpack-2.2.2/lib/action_controller/base.rb:868:in `render_without_benchmark'
    /opt/local/lib/ruby/gems/1.8/gems/actionpack-2.2.2/lib/action_controller/benchmarking.rb:51:in `render'
    /opt/local/lib/ruby/gems/1.8/gems/activesupport-2.2.2/lib/active_support/core_ext/benchmark.rb:8:in `realtime'
    /opt/local/lib/ruby/gems/1.8/gems/actionpack-2.2.2/lib/action_controller/benchmarking.rb:51:in `render'
    /opt/local/lib/ruby/gems/1.8/gems/actionpack-2.2.2/lib/action_controller/base.rb:1248:in `default_render'
    /opt/local/lib/ruby/gems/1.8/gems/actionpack-2.2.2/lib/action_controller/base.rb:1254:in `perform_action_without_filters'
    /opt/local/lib/ruby/gems/1.8/gems/actionpack-2.2.2/lib/action_controller/filters.rb:617:in `call_filters'
    /opt/local/lib/ruby/gems/1.8/gems/actionpack-2.2.2/lib/action_controller/filters.rb:610:in `perform_action_without_benchmark'
    /opt/local/lib/ruby/gems/1.8/gems/actionpack-2.2.2/lib/action_controller/benchmarking.rb:68:in `perform_action_without_rescue'
    /opt/local/lib/ruby/1.8/benchmark.rb:293:in `measure'
    /opt/local/lib/ruby/gems/1.8/gems/actionpack-2.2.2/lib/action_controller/benchmarking.rb:68:in `perform_action_without_rescue'
    /opt/local/lib/ruby/gems/1.8/gems/actionpack-2.2.2/lib/action_controller/rescue.rb:136:in `perform_action_without_caching'
    /opt/local/lib/ruby/gems/1.8/gems/actionpack-2.2.2/lib/action_controller/caching/sql_cache.rb:13:in `perform_action'
    /opt/local/lib/ruby/gems/1.8/gems/activerecord-2.2.2/lib/active_record/connection_adapters/abstract/query_cache.rb:34:in `cache'
    /opt/local/lib/ruby/gems/1.8/gems/activerecord-2.2.2/lib/active_record/query_cache.rb:8:in `cache'
    /opt/local/lib/ruby/gems/1.8/gems/actionpack-2.2.2/lib/action_controller/caching/sql_cache.rb:12:in `perform_action'
    /opt/local/lib/ruby/gems/1.8/gems/actionpack-2.2.2/lib/action_controller/base.rb:524:in `send'
    /opt/local/lib/ruby/gems/1.8/gems/actionpack-2.2.2/lib/action_controller/base.rb:524:in `process_without_filters'
    /opt/local/lib/ruby/gems/1.8/gems/actionpack-2.2.2/lib/action_controller/filters.rb:606:in `process_without_session_management_support'
    /opt/local/lib/ruby/gems/1.8/gems/actionpack-2.2.2/lib/action_controller/session_management.rb:134:in `process'
    /opt/local/lib/ruby/gems/1.8/gems/actionpack-2.2.2/lib/action_controller/base.rb:392:in `process'
    /opt/local/lib/ruby/gems/1.8/gems/actionpack-2.2.2/lib/action_controller/dispatcher.rb:183:in `handle_request'
    /opt/local/lib/ruby/gems/1.8/gems/actionpack-2.2.2/lib/action_controller/dispatcher.rb:110:in `dispatch_unlocked'
    /opt/local/lib/ruby/gems/1.8/gems/actionpack-2.2.2/lib/action_controller/dispatcher.rb:123:in `dispatch'
    /opt/local/lib/ruby/gems/1.8/gems/actionpack-2.2.2/lib/action_controller/dispatcher.rb:122:in `synchronize'
    /opt/local/lib/ruby/gems/1.8/gems/actionpack-2.2.2/lib/action_controller/dispatcher.rb:122:in `dispatch'
    /opt/local/lib/ruby/gems/1.8/gems/actionpack-2.2.2/lib/action_controller/dispatcher.rb:132:in `dispatch_cgi'
    /opt/local/lib/ruby/gems/1.8/gems/actionpack-2.2.2/lib/action_controller/dispatcher.rb:39:in `dispatch'
    /Users/tom/.gem/ruby/1.8/gems/mongrel-1.1.5/bin/../lib/mongrel/rails.rb:76:in `process'
    /Users/tom/.gem/ruby/1.8/gems/mongrel-1.1.5/bin/../lib/mongrel/rails.rb:74:in `synchronize'
    /Users/tom/.gem/ruby/1.8/gems/mongrel-1.1.5/bin/../lib/mongrel/rails.rb:74:in `process'
    /Users/tom/.gem/ruby/1.8/gems/mongrel-1.1.5/lib/mongrel.rb:159:in `process_client'
    /Users/tom/.gem/ruby/1.8/gems/mongrel-1.1.5/lib/mongrel.rb:158:in `each'
    /Users/tom/.gem/ruby/1.8/gems/mongrel-1.1.5/lib/mongrel.rb:158:in `process_client'
    /Users/tom/.gem/ruby/1.8/gems/mongrel-1.1.5/lib/mongrel.rb:285:in `run'
    /Users/tom/.gem/ruby/1.8/gems/mongrel-1.1.5/lib/mongrel.rb:285:in `initialize'
    /Users/tom/.gem/ruby/1.8/gems/mongrel-1.1.5/lib/mongrel.rb:285:in `new'
    /Users/tom/.gem/ruby/1.8/gems/mongrel-1.1.5/lib/mongrel.rb:285:in `run'
    /Users/tom/.gem/ruby/1.8/gems/mongrel-1.1.5/lib/mongrel.rb:268:in `initialize'
    /Users/tom/.gem/ruby/1.8/gems/mongrel-1.1.5/lib/mongrel.rb:268:in `new'
    /Users/tom/.gem/ruby/1.8/gems/mongrel-1.1.5/lib/mongrel.rb:268:in `run'
    /Users/tom/.gem/ruby/1.8/gems/mongrel-1.1.5/lib/mongrel/configurator.rb:282:in `run'
    /Users/tom/.gem/ruby/1.8/gems/mongrel-1.1.5/lib/mongrel/configurator.rb:281:in `each'
    /Users/tom/.gem/ruby/1.8/gems/mongrel-1.1.5/lib/mongrel/configurator.rb:281:in `run'
    /Users/tom/.gem/ruby/1.8/gems/mongrel-1.1.5/bin/mongrel_rails:128:in `run'
    /Users/tom/.gem/ruby/1.8/gems/mongrel-1.1.5/lib/mongrel/command.rb:212:in `run'
    /Users/tom/.gem/ruby/1.8/gems/mongrel-1.1.5/bin/mongrel_rails:281
    /opt/local/lib/ruby/gems/1.8/gems/activesupport-2.2.2/lib/active_support/dependencies.rb:142:in `load_without_new_constant_marking'
    /opt/local/lib/ruby/gems/1.8/gems/activesupport-2.2.2/lib/active_support/dependencies.rb:142:in `load'
    /opt/local/lib/ruby/gems/1.8/gems/activesupport-2.2.2/lib/active_support/dependencies.rb:521:in `new_constants_in'
    /opt/local/lib/ruby/gems/1.8/gems/activesupport-2.2.2/lib/active_support/dependencies.rb:142:in `load'
    /opt/local/lib/ruby/gems/1.8/gems/rails-2.2.2/lib/commands/servers/mongrel.rb:64
    /opt/local/lib/ruby/site_ruby/1.8/rubygems/custom_require.rb:31:in `gem_original_require'
    /opt/local/lib/ruby/site_ruby/1.8/rubygems/custom_require.rb:31:in `require'
    /opt/local/lib/ruby/gems/1.8/gems/activesupport-2.2.2/lib/active_support/dependencies.rb:153:in `require'
    /opt/local/lib/ruby/gems/1.8/gems/activesupport-2.2.2/lib/active_support/dependencies.rb:521:in `new_constants_in'
    /opt/local/lib/ruby/gems/1.8/gems/activesupport-2.2.2/lib/active_support/dependencies.rb:153:in `require'
    /opt/local/lib/ruby/gems/1.8/gems/rails-2.2.2/lib/commands/server.rb:49
    /opt/local/lib/ruby/site_ruby/1.8/rubygems/custom_require.rb:31:in `gem_original_require'
    /opt/local/lib/ruby/site_ruby/1.8/rubygems/custom_require.rb:31:in `require'
    script/server:3

Rendering /opt/local/lib/ruby/gems/1.8/gems/actionpack-2.2.2/lib/action_controller/templates/rescues/layout.erb (internal_server_error)


Processing ProductsController#buy (for 127.0.0.1 at 2009-03-05 18:37:22) [GET]
  Parameters: {"id"=>"1"}
  [4;35;1mProduct Load (0.8ms)[0m   [0mSELECT * FROM "products" WHERE ("products"."id" = 1) [0m
Rendering template within layouts/main
Rendering products/buy
Completed in 32ms (View: 9, DB: 1) | 200 OK [http://localhost/products/buy/1]


Processing ProductsController#index (for 127.0.0.1 at 2009-03-05 18:37:28) [GET]
  [4;36;1mProduct Load (1.1ms)[0m   [0;1mSELECT * FROM "products" [0m
Rendering template within layouts/main
Rendering products/index
Completed in 37ms (View: 18, DB: 1) | 200 OK [http://localhost/products]


Processing ProductsController#index (for 127.0.0.1 at 2009-03-05 18:40:36) [GET]
  [4;35;1mProduct Load (1.0ms)[0m   [0mSELECT * FROM "products" [0m
Rendering template within layouts/main
Rendering products/index
Completed in 37ms (View: 17, DB: 1) | 200 OK [http://localhost/products]


Processing CatalogController#index (for 127.0.0.1 at 2009-03-05 18:40:42) [GET]
  [4;36;1mProduct Load (1.1ms)[0m   [0;1mSELECT * FROM "products" [0m
Rendering template within layouts/main
Rendering catalog/index
Completed in 36ms (View: 16, DB: 1) | 200 OK [http://localhost/catalog]


Processing ProductsController#index (for 127.0.0.1 at 2009-03-05 18:40:44) [GET]
  [4;35;1mProduct Load (1.0ms)[0m   [0mSELECT * FROM "products" [0m
Rendering template within layouts/main
Rendering products/index
Completed in 38ms (View: 18, DB: 1) | 200 OK [http://localhost/products]


Processing UsersController#index (for 127.0.0.1 at 2009-03-05 18:40:45) [GET]
  [4;36;1mUser Load (0.5ms)[0m   [0;1mSELECT * FROM "users" [0m
Rendering template within layouts/main
Rendering users/index
Completed in 25ms (View: 6, DB: 1) | 200 OK [http://localhost/users]


Processing UsersController#new (for 127.0.0.1 at 2009-03-05 18:40:49) [GET]
Rendering template within layouts/main
Rendering users/new
Completed in 33ms (View: 11, DB: 0) | 200 OK [http://localhost/users/new]


Processing UsersController#create (for 127.0.0.1 at 2009-03-05 18:40:55) [POST]
  Parameters: {"commit"=>"Create", "authenticity_token"=>"7680728eea3373b1f2e065dd9cc15cf6f915b44a", "user"=>{"name"=>"tom", "password"=>"tom"}}
  [4;35;1mUser Create (0.6ms)[0m   [0mINSERT INTO "users" ("name", "created_at", "updated_at", "password") VALUES('tom', '2009-03-05 17:40:55', '2009-03-05 17:40:55', 'tom')[0m
Redirected to #<User:0x2564e68>
Completed in 32ms (DB: 1) | 302 Found [http://localhost/users]


Processing UsersController#show (for 127.0.0.1 at 2009-03-05 18:40:55) [GET]
  Parameters: {"id"=>"1"}
  [4;36;1mUser Load (0.6ms)[0m   [0;1mSELECT * FROM "users" WHERE ("users"."id" = 1) [0m
Rendering template within layouts/main
Rendering users/show
Completed in 32ms (View: 8, DB: 1) | 200 OK [http://localhost/users/1]


Processing UsersController#index (for 127.0.0.1 at 2009-03-05 18:40:58) [GET]
  [4;35;1mUser Load (0.8ms)[0m   [0mSELECT * FROM "users" [0m
Rendering template within layouts/main
Rendering users/index
Completed in 33ms (View: 14, DB: 1) | 200 OK [http://localhost/users]


Processing CatalogController#index (for 127.0.0.1 at 2009-03-05 18:41:13) [GET]
  [4;36;1mProduct Load (1.0ms)[0m   [0;1mSELECT * FROM "products" [0m
Rendering template within layouts/main
Rendering catalog/index
Completed in 34ms (View: 16, DB: 1) | 200 OK [http://localhost/catalog]


Processing ProductsController#index (for 127.0.0.1 at 2009-03-05 18:41:15) [GET]
  [4;35;1mProduct Load (1.2ms)[0m   [0mSELECT * FROM "products" [0m
Rendering template within layouts/main
Rendering products/index
Completed in 39ms (View: 18, DB: 1) | 200 OK [http://localhost/products]


Processing UsersController#index (for 127.0.0.1 at 2009-03-05 18:41:16) [GET]
  [4;36;1mUser Load (0.8ms)[0m   [0;1mSELECT * FROM "users" [0m
Rendering template within layouts/main
Rendering users/index
Completed in 34ms (View: 14, DB: 1) | 200 OK [http://localhost/users]


Processing CatalogController#index (for 127.0.0.1 at 2009-03-05 18:41:19) [GET]
  [4;35;1mProduct Load (1.0ms)[0m   [0mSELECT * FROM "products" [0m
Rendering template within layouts/main
Rendering catalog/index
Completed in 34ms (View: 15, DB: 1) | 200 OK [http://localhost/catalog]


Processing CatalogController#index (for 127.0.0.1 at 2009-03-05 18:51:39) [GET]
  [4;36;1mProduct Load (1.0ms)[0m   [0;1mSELECT * FROM "products" [0m
Rendering template within layouts/main
Rendering catalog/index
Completed in 33ms (View: 15, DB: 1) | 200 OK [http://localhost/catalog]


Processing ProductsController#buy (for 127.0.0.1 at 2009-03-05 18:51:42) [GET]
  Parameters: {"id"=>"1"}
  [4;35;1mProduct Load (0.8ms)[0m   [0mSELECT * FROM "products" WHERE ("products"."id" = 1) [0m
Rendering template within layouts/main
Rendering products/buy
Completed in 34ms (View: 10, DB: 1) | 200 OK [http://localhost/products/buy/1]


Processing CatalogController#index (for 127.0.0.1 at 2009-03-05 18:51:44) [GET]
  [4;36;1mProduct Load (1.0ms)[0m   [0;1mSELECT * FROM "products" [0m
Rendering template within layouts/main
Rendering catalog/index
Completed in 34ms (View: 16, DB: 1) | 200 OK [http://localhost/catalog]


Processing ProductsController#buy (for 127.0.0.1 at 2009-03-05 18:51:46) [GET]
  Parameters: {"id"=>"1"}
  [4;35;1mProduct Load (0.8ms)[0m   [0mSELECT * FROM "products" WHERE ("products"."id" = 1) [0m
Rendering template within layouts/main
Rendering products/buy
Completed in 34ms (View: 10, DB: 1) | 200 OK [http://localhost/products/buy/1]


Processing ProductsController#buy (for 127.0.0.1 at 2009-03-05 18:52:12) [GET]
  Parameters: {"id"=>"1"}
  [4;36;1mProduct Load (0.8ms)[0m   [0;1mSELECT * FROM "products" WHERE ("products"."id" = 1) [0m
Rendering template within layouts/main
Rendering products/buy
Completed in 100ms (View: 10, DB: 1) | 200 OK [http://localhost/products/buy/1]


Processing CatalogController#index (for 127.0.0.1 at 2009-03-05 18:52:19) [GET]
  [4;35;1mProduct Load (1.0ms)[0m   [0mSELECT * FROM "products" [0m
Rendering template within layouts/main
Rendering catalog/index
Completed in 35ms (View: 16, DB: 1) | 200 OK [http://localhost/catalog]


Processing ProductsController#buy (for 127.0.0.1 at 2009-03-05 18:52:21) [GET]
  Parameters: {"id"=>"1"}
  [4;36;1mProduct Load (0.8ms)[0m   [0;1mSELECT * FROM "products" WHERE ("products"."id" = 1) [0m
Rendering template within layouts/main
Rendering products/buy
Completed in 35ms (View: 11, DB: 1) | 200 OK [http://localhost/products/buy/1]


Processing CatalogController#index (for 127.0.0.1 at 2009-03-05 18:52:24) [GET]
  [4;35;1mProduct Load (1.0ms)[0m   [0mSELECT * FROM "products" [0m
Rendering template within layouts/main
Rendering catalog/index
Completed in 35ms (View: 15, DB: 1) | 200 OK [http://localhost/catalog]


Processing ProductsController#buy (for 127.0.0.1 at 2009-03-05 18:52:25) [GET]
  Parameters: {"id"=>"1"}
  [4;36;1mProduct Load (0.8ms)[0m   [0;1mSELECT * FROM "products" WHERE ("products"."id" = 1) [0m
Rendering template within layouts/main
Rendering products/buy
Completed in 33ms (View: 10, DB: 1) | 200 OK [http://localhost/products/buy/1]


Processing ProductsController#buy (for 127.0.0.1 at 2009-03-05 18:55:58) [GET]
  Parameters: {"id"=>"1"}
  [4;35;1mProduct Load (0.8ms)[0m   [0mSELECT * FROM "products" WHERE ("products"."id" = 1) [0m
  [4;36;1mCACHE (0.0ms)[0m   [0;1mSELECT * FROM "products" WHERE ("products"."id" = 1) [0m
  [4;35;1mCACHE (0.0ms)[0m   [0mSELECT * FROM "products" WHERE ("products"."id" = 1) [0m
  [4;36;1mCACHE (0.0ms)[0m   [0;1mSELECT * FROM "products" WHERE ("products"."id" = 1) [0m
  [4;35;1mCACHE (0.0ms)[0m   [0mSELECT * FROM "products" WHERE ("products"."id" = 1) [0m
  [4;36;1mCACHE (0.0ms)[0m   [0;1mSELECT * FROM "products" WHERE ("products"."id" = 1) [0m
  [4;35;1mCACHE (0.0ms)[0m   [0mSELECT * FROM "products" WHERE ("products"."id" = 1) [0m
Rendering template within layouts/main
Rendering products/buy
Completed in 54ms (View: 26, DB: 1) | 200 OK [http://localhost/products/buy/1]


Processing ProductsController#buy (for 127.0.0.1 at 2009-03-05 19:00:53) [GET]
  Parameters: {"id"=>"1"}
  [4;36;1mProduct Load (0.8ms)[0m   [0;1mSELECT * FROM "products" WHERE ("products"."id" = 1) [0m
  [4;35;1mCACHE (0.0ms)[0m   [0mSELECT * FROM "products" WHERE ("products"."id" = 1) [0m
  [4;36;1mCACHE (0.0ms)[0m   [0;1mSELECT * FROM "products" WHERE ("products"."id" = 1) [0m
  [4;35;1mCACHE (0.0ms)[0m   [0mSELECT * FROM "products" WHERE ("products"."id" = 1) [0m
  [4;36;1mCACHE (0.0ms)[0m   [0;1mSELECT * FROM "products" WHERE ("products"."id" = 1) [0m
  [4;35;1mCACHE (0.0ms)[0m   [0mSELECT * FROM "products" WHERE ("products"."id" = 1) [0m
  [4;36;1mCACHE (0.0ms)[0m   [0;1mSELECT * FROM "products" WHERE ("products"."id" = 1) [0m
  [4;35;1mCACHE (0.0ms)[0m   [0mSELECT * FROM "products" WHERE ("products"."id" = 1) [0m
Rendering template within layouts/main
Rendering products/buy
Completed in 58ms (View: 29, DB: 1) | 200 OK [http://localhost/products/buy/1]


Processing ProductsController#buy (for 127.0.0.1 at 2009-03-05 19:05:30) [GET]
  Parameters: {"id"=>"1"}
  [4;36;1mProduct Load (0.8ms)[0m   [0;1mSELECT * FROM "products" WHERE ("products"."id" = 1) [0m
  [4;35;1mSQL (0.6ms)[0m   [0m SELECT name
 FROM sqlite_master
 WHERE type = 'table' AND NOT name = 'sqlite_sequence'
[0m


NoMethodError (undefined method `in_cart' for #<Class:0x25789e0>):
    /opt/local/lib/ruby/gems/1.8/gems/activerecord-2.2.2/lib/active_record/base.rb:1833:in `method_missing'
    /app/controllers/products_controller.rb:11:in `buy'
    /opt/local/lib/ruby/gems/1.8/gems/actionpack-2.2.2/lib/action_controller/base.rb:1253:in `send'
    /opt/local/lib/ruby/gems/1.8/gems/actionpack-2.2.2/lib/action_controller/base.rb:1253:in `perform_action_without_filters'
    /opt/local/lib/ruby/gems/1.8/gems/actionpack-2.2.2/lib/action_controller/filters.rb:617:in `call_filters'
    /opt/local/lib/ruby/gems/1.8/gems/actionpack-2.2.2/lib/action_controller/filters.rb:610:in `perform_action_without_benchmark'
    /opt/local/lib/ruby/gems/1.8/gems/actionpack-2.2.2/lib/action_controller/benchmarking.rb:68:in `perform_action_without_rescue'
    /opt/local/lib/ruby/1.8/benchmark.rb:293:in `measure'
    /opt/local/lib/ruby/gems/1.8/gems/actionpack-2.2.2/lib/action_controller/benchmarking.rb:68:in `perform_action_without_rescue'
    /opt/local/lib/ruby/gems/1.8/gems/actionpack-2.2.2/lib/action_controller/rescue.rb:136:in `perform_action_without_caching'
    /opt/local/lib/ruby/gems/1.8/gems/actionpack-2.2.2/lib/action_controller/caching/sql_cache.rb:13:in `perform_action'
    /opt/local/lib/ruby/gems/1.8/gems/activerecord-2.2.2/lib/active_record/connection_adapters/abstract/query_cache.rb:34:in `cache'
    /opt/local/lib/ruby/gems/1.8/gems/activerecord-2.2.2/lib/active_record/query_cache.rb:8:in `cache'
    /opt/local/lib/ruby/gems/1.8/gems/actionpack-2.2.2/lib/action_controller/caching/sql_cache.rb:12:in `perform_action'
    /opt/local/lib/ruby/gems/1.8/gems/actionpack-2.2.2/lib/action_controller/base.rb:524:in `send'
    /opt/local/lib/ruby/gems/1.8/gems/actionpack-2.2.2/lib/action_controller/base.rb:524:in `process_without_filters'
    /opt/local/lib/ruby/gems/1.8/gems/actionpack-2.2.2/lib/action_controller/filters.rb:606:in `process_without_session_management_support'
    /opt/local/lib/ruby/gems/1.8/gems/actionpack-2.2.2/lib/action_controller/session_management.rb:134:in `process'
    /opt/local/lib/ruby/gems/1.8/gems/actionpack-2.2.2/lib/action_controller/base.rb:392:in `process'
    /opt/local/lib/ruby/gems/1.8/gems/actionpack-2.2.2/lib/action_controller/dispatcher.rb:183:in `handle_request'
    /opt/local/lib/ruby/gems/1.8/gems/actionpack-2.2.2/lib/action_controller/dispatcher.rb:110:in `dispatch_unlocked'
    /opt/local/lib/ruby/gems/1.8/gems/actionpack-2.2.2/lib/action_controller/dispatcher.rb:123:in `dispatch'
    /opt/local/lib/ruby/gems/1.8/gems/actionpack-2.2.2/lib/action_controller/dispatcher.rb:122:in `synchronize'
    /opt/local/lib/ruby/gems/1.8/gems/actionpack-2.2.2/lib/action_controller/dispatcher.rb:122:in `dispatch'
    /opt/local/lib/ruby/gems/1.8/gems/actionpack-2.2.2/lib/action_controller/dispatcher.rb:132:in `dispatch_cgi'
    /opt/local/lib/ruby/gems/1.8/gems/actionpack-2.2.2/lib/action_controller/dispatcher.rb:39:in `dispatch'
    /Users/tom/.gem/ruby/1.8/gems/mongrel-1.1.5/bin/../lib/mongrel/rails.rb:76:in `process'
    /Users/tom/.gem/ruby/1.8/gems/mongrel-1.1.5/bin/../lib/mongrel/rails.rb:74:in `synchronize'
    /Users/tom/.gem/ruby/1.8/gems/mongrel-1.1.5/bin/../lib/mongrel/rails.rb:74:in `process'
    /Users/tom/.gem/ruby/1.8/gems/mongrel-1.1.5/lib/mongrel.rb:159:in `process_client'
    /Users/tom/.gem/ruby/1.8/gems/mongrel-1.1.5/lib/mongrel.rb:158:in `each'
    /Users/tom/.gem/ruby/1.8/gems/mongrel-1.1.5/lib/mongrel.rb:158:in `process_client'
    /Users/tom/.gem/ruby/1.8/gems/mongrel-1.1.5/lib/mongrel.rb:285:in `run'
    /Users/tom/.gem/ruby/1.8/gems/mongrel-1.1.5/lib/mongrel.rb:285:in `initialize'
    /Users/tom/.gem/ruby/1.8/gems/mongrel-1.1.5/lib/mongrel.rb:285:in `new'
    /Users/tom/.gem/ruby/1.8/gems/mongrel-1.1.5/lib/mongrel.rb:285:in `run'
    /Users/tom/.gem/ruby/1.8/gems/mongrel-1.1.5/lib/mongrel.rb:268:in `initialize'
    /Users/tom/.gem/ruby/1.8/gems/mongrel-1.1.5/lib/mongrel.rb:268:in `new'
    /Users/tom/.gem/ruby/1.8/gems/mongrel-1.1.5/lib/mongrel.rb:268:in `run'
    /Users/tom/.gem/ruby/1.8/gems/mongrel-1.1.5/lib/mongrel/configurator.rb:282:in `run'
    /Users/tom/.gem/ruby/1.8/gems/mongrel-1.1.5/lib/mongrel/configurator.rb:281:in `each'
    /Users/tom/.gem/ruby/1.8/gems/mongrel-1.1.5/lib/mongrel/configurator.rb:281:in `run'
    /Users/tom/.gem/ruby/1.8/gems/mongrel-1.1.5/bin/mongrel_rails:128:in `run'
    /Users/tom/.gem/ruby/1.8/gems/mongrel-1.1.5/lib/mongrel/command.rb:212:in `run'
    /Users/tom/.gem/ruby/1.8/gems/mongrel-1.1.5/bin/mongrel_rails:281
    /opt/local/lib/ruby/gems/1.8/gems/activesupport-2.2.2/lib/active_support/dependencies.rb:142:in `load_without_new_constant_marking'
    /opt/local/lib/ruby/gems/1.8/gems/activesupport-2.2.2/lib/active_support/dependencies.rb:142:in `load'
    /opt/local/lib/ruby/gems/1.8/gems/activesupport-2.2.2/lib/active_support/dependencies.rb:521:in `new_constants_in'
    /opt/local/lib/ruby/gems/1.8/gems/activesupport-2.2.2/lib/active_support/dependencies.rb:142:in `load'
    /opt/local/lib/ruby/gems/1.8/gems/rails-2.2.2/lib/commands/servers/mongrel.rb:64
    /opt/local/lib/ruby/site_ruby/1.8/rubygems/custom_require.rb:31:in `gem_original_require'
    /opt/local/lib/ruby/site_ruby/1.8/rubygems/custom_require.rb:31:in `require'
    /opt/local/lib/ruby/gems/1.8/gems/activesupport-2.2.2/lib/active_support/dependencies.rb:153:in `require'
    /opt/local/lib/ruby/gems/1.8/gems/activesupport-2.2.2/lib/active_support/dependencies.rb:521:in `new_constants_in'
    /opt/local/lib/ruby/gems/1.8/gems/activesupport-2.2.2/lib/active_support/dependencies.rb:153:in `require'
    /opt/local/lib/ruby/gems/1.8/gems/rails-2.2.2/lib/commands/server.rb:49
    /opt/local/lib/ruby/site_ruby/1.8/rubygems/custom_require.rb:31:in `gem_original_require'
    /opt/local/lib/ruby/site_ruby/1.8/rubygems/custom_require.rb:31:in `require'
    script/server:3

Rendered /opt/local/lib/ruby/gems/1.8/gems/actionpack-2.2.2/lib/action_controller/templates/rescues/_trace (66.4ms)
Rendered /opt/local/lib/ruby/gems/1.8/gems/actionpack-2.2.2/lib/action_controller/templates/rescues/_request_and_response (2.0ms)
Rendering /opt/local/lib/ruby/gems/1.8/gems/actionpack-2.2.2/lib/action_controller/templates/rescues/layout.erb (internal_server_error)


Processing ProductsController#buy (for 127.0.0.1 at 2009-03-05 19:05:53) [GET]
  Parameters: {"id"=>"1"}
  [4;36;1mProduct Load (0.8ms)[0m   [0;1mSELECT * FROM "products" WHERE ("products"."id" = 1) [0m
  [4;35;1mSQL (0.6ms)[0m   [0m SELECT name
 FROM sqlite_master
 WHERE type = 'table' AND NOT name = 'sqlite_sequence'
[0m


NoMethodError (undefined method `in_cart' for #<Class:0x23426d0>):
    /opt/local/lib/ruby/gems/1.8/gems/activerecord-2.2.2/lib/active_record/base.rb:1833:in `method_missing'
    /app/controllers/products_controller.rb:11:in `buy'
    /opt/local/lib/ruby/gems/1.8/gems/actionpack-2.2.2/lib/action_controller/base.rb:1253:in `send'
    /opt/local/lib/ruby/gems/1.8/gems/actionpack-2.2.2/lib/action_controller/base.rb:1253:in `perform_action_without_filters'
    /opt/local/lib/ruby/gems/1.8/gems/actionpack-2.2.2/lib/action_controller/filters.rb:617:in `call_filters'
    /opt/local/lib/ruby/gems/1.8/gems/actionpack-2.2.2/lib/action_controller/filters.rb:610:in `perform_action_without_benchmark'
    /opt/local/lib/ruby/gems/1.8/gems/actionpack-2.2.2/lib/action_controller/benchmarking.rb:68:in `perform_action_without_rescue'
    /opt/local/lib/ruby/1.8/benchmark.rb:293:in `measure'
    /opt/local/lib/ruby/gems/1.8/gems/actionpack-2.2.2/lib/action_controller/benchmarking.rb:68:in `perform_action_without_rescue'
    /opt/local/lib/ruby/gems/1.8/gems/actionpack-2.2.2/lib/action_controller/rescue.rb:136:in `perform_action_without_caching'
    /opt/local/lib/ruby/gems/1.8/gems/actionpack-2.2.2/lib/action_controller/caching/sql_cache.rb:13:in `perform_action'
    /opt/local/lib/ruby/gems/1.8/gems/activerecord-2.2.2/lib/active_record/connection_adapters/abstract/query_cache.rb:34:in `cache'
    /opt/local/lib/ruby/gems/1.8/gems/activerecord-2.2.2/lib/active_record/query_cache.rb:8:in `cache'
    /opt/local/lib/ruby/gems/1.8/gems/actionpack-2.2.2/lib/action_controller/caching/sql_cache.rb:12:in `perform_action'
    /opt/local/lib/ruby/gems/1.8/gems/actionpack-2.2.2/lib/action_controller/base.rb:524:in `send'
    /opt/local/lib/ruby/gems/1.8/gems/actionpack-2.2.2/lib/action_controller/base.rb:524:in `process_without_filters'
    /opt/local/lib/ruby/gems/1.8/gems/actionpack-2.2.2/lib/action_controller/filters.rb:606:in `process_without_session_management_support'
    /opt/local/lib/ruby/gems/1.8/gems/actionpack-2.2.2/lib/action_controller/session_management.rb:134:in `process'
    /opt/local/lib/ruby/gems/1.8/gems/actionpack-2.2.2/lib/action_controller/base.rb:392:in `process'
    /opt/local/lib/ruby/gems/1.8/gems/actionpack-2.2.2/lib/action_controller/dispatcher.rb:183:in `handle_request'
    /opt/local/lib/ruby/gems/1.8/gems/actionpack-2.2.2/lib/action_controller/dispatcher.rb:110:in `dispatch_unlocked'
    /opt/local/lib/ruby/gems/1.8/gems/actionpack-2.2.2/lib/action_controller/dispatcher.rb:123:in `dispatch'
    /opt/local/lib/ruby/gems/1.8/gems/actionpack-2.2.2/lib/action_controller/dispatcher.rb:122:in `synchronize'
    /opt/local/lib/ruby/gems/1.8/gems/actionpack-2.2.2/lib/action_controller/dispatcher.rb:122:in `dispatch'
    /opt/local/lib/ruby/gems/1.8/gems/actionpack-2.2.2/lib/action_controller/dispatcher.rb:132:in `dispatch_cgi'
    /opt/local/lib/ruby/gems/1.8/gems/actionpack-2.2.2/lib/action_controller/dispatcher.rb:39:in `dispatch'
    /Users/tom/.gem/ruby/1.8/gems/mongrel-1.1.5/bin/../lib/mongrel/rails.rb:76:in `process'
    /Users/tom/.gem/ruby/1.8/gems/mongrel-1.1.5/bin/../lib/mongrel/rails.rb:74:in `synchronize'
    /Users/tom/.gem/ruby/1.8/gems/mongrel-1.1.5/bin/../lib/mongrel/rails.rb:74:in `process'
    /Users/tom/.gem/ruby/1.8/gems/mongrel-1.1.5/lib/mongrel.rb:159:in `process_client'
    /Users/tom/.gem/ruby/1.8/gems/mongrel-1.1.5/lib/mongrel.rb:158:in `each'
    /Users/tom/.gem/ruby/1.8/gems/mongrel-1.1.5/lib/mongrel.rb:158:in `process_client'
    /Users/tom/.gem/ruby/1.8/gems/mongrel-1.1.5/lib/mongrel.rb:285:in `run'
    /Users/tom/.gem/ruby/1.8/gems/mongrel-1.1.5/lib/mongrel.rb:285:in `initialize'
    /Users/tom/.gem/ruby/1.8/gems/mongrel-1.1.5/lib/mongrel.rb:285:in `new'
    /Users/tom/.gem/ruby/1.8/gems/mongrel-1.1.5/lib/mongrel.rb:285:in `run'
    /Users/tom/.gem/ruby/1.8/gems/mongrel-1.1.5/lib/mongrel.rb:268:in `initialize'
    /Users/tom/.gem/ruby/1.8/gems/mongrel-1.1.5/lib/mongrel.rb:268:in `new'
    /Users/tom/.gem/ruby/1.8/gems/mongrel-1.1.5/lib/mongrel.rb:268:in `run'
    /Users/tom/.gem/ruby/1.8/gems/mongrel-1.1.5/lib/mongrel/configurator.rb:282:in `run'
    /Users/tom/.gem/ruby/1.8/gems/mongrel-1.1.5/lib/mongrel/configurator.rb:281:in `each'
    /Users/tom/.gem/ruby/1.8/gems/mongrel-1.1.5/lib/mongrel/configurator.rb:281:in `run'
    /Users/tom/.gem/ruby/1.8/gems/mongrel-1.1.5/bin/mongrel_rails:128:in `run'
    /Users/tom/.gem/ruby/1.8/gems/mongrel-1.1.5/lib/mongrel/command.rb:212:in `run'
    /Users/tom/.gem/ruby/1.8/gems/mongrel-1.1.5/bin/mongrel_rails:281
    /opt/local/lib/ruby/gems/1.8/gems/activesupport-2.2.2/lib/active_support/dependencies.rb:142:in `load_without_new_constant_marking'
    /opt/local/lib/ruby/gems/1.8/gems/activesupport-2.2.2/lib/active_support/dependencies.rb:142:in `load'
    /opt/local/lib/ruby/gems/1.8/gems/activesupport-2.2.2/lib/active_support/dependencies.rb:521:in `new_constants_in'
    /opt/local/lib/ruby/gems/1.8/gems/activesupport-2.2.2/lib/active_support/dependencies.rb:142:in `load'
    /opt/local/lib/ruby/gems/1.8/gems/rails-2.2.2/lib/commands/servers/mongrel.rb:64
    /opt/local/lib/ruby/site_ruby/1.8/rubygems/custom_require.rb:31:in `gem_original_require'
    /opt/local/lib/ruby/site_ruby/1.8/rubygems/custom_require.rb:31:in `require'
    /opt/local/lib/ruby/gems/1.8/gems/activesupport-2.2.2/lib/active_support/dependencies.rb:153:in `require'
    /opt/local/lib/ruby/gems/1.8/gems/activesupport-2.2.2/lib/active_support/dependencies.rb:521:in `new_constants_in'
    /opt/local/lib/ruby/gems/1.8/gems/activesupport-2.2.2/lib/active_support/dependencies.rb:153:in `require'
    /opt/local/lib/ruby/gems/1.8/gems/rails-2.2.2/lib/commands/server.rb:49
    /opt/local/lib/ruby/site_ruby/1.8/rubygems/custom_require.rb:31:in `gem_original_require'
    /opt/local/lib/ruby/site_ruby/1.8/rubygems/custom_require.rb:31:in `require'
    script/server:3

Rendered /opt/local/lib/ruby/gems/1.8/gems/actionpack-2.2.2/lib/action_controller/templates/rescues/_trace (66.4ms)
Rendered /opt/local/lib/ruby/gems/1.8/gems/actionpack-2.2.2/lib/action_controller/templates/rescues/_request_and_response (2.2ms)
Rendering /opt/local/lib/ruby/gems/1.8/gems/actionpack-2.2.2/lib/action_controller/templates/rescues/layout.erb (internal_server_error)


Processing ProductsController#buy (for 127.0.0.1 at 2009-03-05 19:05:54) [GET]
  Parameters: {"id"=>"1"}
  [4;36;1mProduct Load (0.8ms)[0m   [0;1mSELECT * FROM "products" WHERE ("products"."id" = 1) [0m
  [4;35;1mSQL (0.5ms)[0m   [0m SELECT name
 FROM sqlite_master
 WHERE type = 'table' AND NOT name = 'sqlite_sequence'
[0m


NoMethodError (undefined method `in_cart' for #<Class:0x221c738>):
    /opt/local/lib/ruby/gems/1.8/gems/activerecord-2.2.2/lib/active_record/base.rb:1833:in `method_missing'
    /app/controllers/products_controller.rb:11:in `buy'
    /opt/local/lib/ruby/gems/1.8/gems/actionpack-2.2.2/lib/action_controller/base.rb:1253:in `send'
    /opt/local/lib/ruby/gems/1.8/gems/actionpack-2.2.2/lib/action_controller/base.rb:1253:in `perform_action_without_filters'
    /opt/local/lib/ruby/gems/1.8/gems/actionpack-2.2.2/lib/action_controller/filters.rb:617:in `call_filters'
    /opt/local/lib/ruby/gems/1.8/gems/actionpack-2.2.2/lib/action_controller/filters.rb:610:in `perform_action_without_benchmark'
    /opt/local/lib/ruby/gems/1.8/gems/actionpack-2.2.2/lib/action_controller/benchmarking.rb:68:in `perform_action_without_rescue'
    /opt/local/lib/ruby/1.8/benchmark.rb:293:in `measure'
    /opt/local/lib/ruby/gems/1.8/gems/actionpack-2.2.2/lib/action_controller/benchmarking.rb:68:in `perform_action_without_rescue'
    /opt/local/lib/ruby/gems/1.8/gems/actionpack-2.2.2/lib/action_controller/rescue.rb:136:in `perform_action_without_caching'
    /opt/local/lib/ruby/gems/1.8/gems/actionpack-2.2.2/lib/action_controller/caching/sql_cache.rb:13:in `perform_action'
    /opt/local/lib/ruby/gems/1.8/gems/activerecord-2.2.2/lib/active_record/connection_adapters/abstract/query_cache.rb:34:in `cache'
    /opt/local/lib/ruby/gems/1.8/gems/activerecord-2.2.2/lib/active_record/query_cache.rb:8:in `cache'
    /opt/local/lib/ruby/gems/1.8/gems/actionpack-2.2.2/lib/action_controller/caching/sql_cache.rb:12:in `perform_action'
    /opt/local/lib/ruby/gems/1.8/gems/actionpack-2.2.2/lib/action_controller/base.rb:524:in `send'
    /opt/local/lib/ruby/gems/1.8/gems/actionpack-2.2.2/lib/action_controller/base.rb:524:in `process_without_filters'
    /opt/local/lib/ruby/gems/1.8/gems/actionpack-2.2.2/lib/action_controller/filters.rb:606:in `process_without_session_management_support'
    /opt/local/lib/ruby/gems/1.8/gems/actionpack-2.2.2/lib/action_controller/session_management.rb:134:in `process'
    /opt/local/lib/ruby/gems/1.8/gems/actionpack-2.2.2/lib/action_controller/base.rb:392:in `process'
    /opt/local/lib/ruby/gems/1.8/gems/actionpack-2.2.2/lib/action_controller/dispatcher.rb:183:in `handle_request'
    /opt/local/lib/ruby/gems/1.8/gems/actionpack-2.2.2/lib/action_controller/dispatcher.rb:110:in `dispatch_unlocked'
    /opt/local/lib/ruby/gems/1.8/gems/actionpack-2.2.2/lib/action_controller/dispatcher.rb:123:in `dispatch'
    /opt/local/lib/ruby/gems/1.8/gems/actionpack-2.2.2/lib/action_controller/dispatcher.rb:122:in `synchronize'
    /opt/local/lib/ruby/gems/1.8/gems/actionpack-2.2.2/lib/action_controller/dispatcher.rb:122:in `dispatch'
    /opt/local/lib/ruby/gems/1.8/gems/actionpack-2.2.2/lib/action_controller/dispatcher.rb:132:in `dispatch_cgi'
    /opt/local/lib/ruby/gems/1.8/gems/actionpack-2.2.2/lib/action_controller/dispatcher.rb:39:in `dispatch'
    /Users/tom/.gem/ruby/1.8/gems/mongrel-1.1.5/bin/../lib/mongrel/rails.rb:76:in `process'
    /Users/tom/.gem/ruby/1.8/gems/mongrel-1.1.5/bin/../lib/mongrel/rails.rb:74:in `synchronize'
    /Users/tom/.gem/ruby/1.8/gems/mongrel-1.1.5/bin/../lib/mongrel/rails.rb:74:in `process'
    /Users/tom/.gem/ruby/1.8/gems/mongrel-1.1.5/lib/mongrel.rb:159:in `process_client'
    /Users/tom/.gem/ruby/1.8/gems/mongrel-1.1.5/lib/mongrel.rb:158:in `each'
    /Users/tom/.gem/ruby/1.8/gems/mongrel-1.1.5/lib/mongrel.rb:158:in `process_client'
    /Users/tom/.gem/ruby/1.8/gems/mongrel-1.1.5/lib/mongrel.rb:285:in `run'
    /Users/tom/.gem/ruby/1.8/gems/mongrel-1.1.5/lib/mongrel.rb:285:in `initialize'
    /Users/tom/.gem/ruby/1.8/gems/mongrel-1.1.5/lib/mongrel.rb:285:in `new'
    /Users/tom/.gem/ruby/1.8/gems/mongrel-1.1.5/lib/mongrel.rb:285:in `run'
    /Users/tom/.gem/ruby/1.8/gems/mongrel-1.1.5/lib/mongrel.rb:268:in `initialize'
    /Users/tom/.gem/ruby/1.8/gems/mongrel-1.1.5/lib/mongrel.rb:268:in `new'
    /Users/tom/.gem/ruby/1.8/gems/mongrel-1.1.5/lib/mongrel.rb:268:in `run'
    /Users/tom/.gem/ruby/1.8/gems/mongrel-1.1.5/lib/mongrel/configurator.rb:282:in `run'
    /Users/tom/.gem/ruby/1.8/gems/mongrel-1.1.5/lib/mongrel/configurator.rb:281:in `each'
    /Users/tom/.gem/ruby/1.8/gems/mongrel-1.1.5/lib/mongrel/configurator.rb:281:in `run'
    /Users/tom/.gem/ruby/1.8/gems/mongrel-1.1.5/bin/mongrel_rails:128:in `run'
    /Users/tom/.gem/ruby/1.8/gems/mongrel-1.1.5/lib/mongrel/command.rb:212:in `run'
    /Users/tom/.gem/ruby/1.8/gems/mongrel-1.1.5/bin/mongrel_rails:281
    /opt/local/lib/ruby/gems/1.8/gems/activesupport-2.2.2/lib/active_support/dependencies.rb:142:in `load_without_new_constant_marking'
    /opt/local/lib/ruby/gems/1.8/gems/activesupport-2.2.2/lib/active_support/dependencies.rb:142:in `load'
    /opt/local/lib/ruby/gems/1.8/gems/activesupport-2.2.2/lib/active_support/dependencies.rb:521:in `new_constants_in'
    /opt/local/lib/ruby/gems/1.8/gems/activesupport-2.2.2/lib/active_support/dependencies.rb:142:in `load'
    /opt/local/lib/ruby/gems/1.8/gems/rails-2.2.2/lib/commands/servers/mongrel.rb:64
    /opt/local/lib/ruby/site_ruby/1.8/rubygems/custom_require.rb:31:in `gem_original_require'
    /opt/local/lib/ruby/site_ruby/1.8/rubygems/custom_require.rb:31:in `require'
    /opt/local/lib/ruby/gems/1.8/gems/activesupport-2.2.2/lib/active_support/dependencies.rb:153:in `require'
    /opt/local/lib/ruby/gems/1.8/gems/activesupport-2.2.2/lib/active_support/dependencies.rb:521:in `new_constants_in'
    /opt/local/lib/ruby/gems/1.8/gems/activesupport-2.2.2/lib/active_support/dependencies.rb:153:in `require'
    /opt/local/lib/ruby/gems/1.8/gems/rails-2.2.2/lib/commands/server.rb:49
    /opt/local/lib/ruby/site_ruby/1.8/rubygems/custom_require.rb:31:in `gem_original_require'
    /opt/local/lib/ruby/site_ruby/1.8/rubygems/custom_require.rb:31:in `require'
    script/server:3

Rendered /opt/local/lib/ruby/gems/1.8/gems/actionpack-2.2.2/lib/action_controller/templates/rescues/_trace (67.8ms)
Rendered /opt/local/lib/ruby/gems/1.8/gems/actionpack-2.2.2/lib/action_controller/templates/rescues/_request_and_response (2.4ms)
Rendering /opt/local/lib/ruby/gems/1.8/gems/actionpack-2.2.2/lib/action_controller/templates/rescues/layout.erb (internal_server_error)


Processing ProductsController#buy (for 127.0.0.1 at 2009-03-05 19:06:20) [GET]
  Parameters: {"id"=>"1"}
  [4;36;1mProduct Load (0.8ms)[0m   [0;1mSELECT * FROM "products" WHERE ("products"."id" = 1) [0m
  [4;35;1mCACHE (0.0ms)[0m   [0mSELECT * FROM "products" WHERE ("products"."id" = 1) [0m
  [4;36;1mCACHE (0.0ms)[0m   [0;1mSELECT * FROM "products" WHERE ("products"."id" = 1) [0m
  [4;35;1mCACHE (0.0ms)[0m   [0mSELECT * FROM "products" WHERE ("products"."id" = 1) [0m
  [4;36;1mCACHE (0.0ms)[0m   [0;1mSELECT * FROM "products" WHERE ("products"."id" = 1) [0m
  [4;35;1mCACHE (0.0ms)[0m   [0mSELECT * FROM "products" WHERE ("products"."id" = 1) [0m
  [4;36;1mCACHE (0.0ms)[0m   [0;1mSELECT * FROM "products" WHERE ("products"."id" = 1) [0m
  [4;35;1mCACHE (0.0ms)[0m   [0mSELECT * FROM "products" WHERE ("products"."id" = 1) [0m
  [4;36;1mCACHE (0.0ms)[0m   [0;1mSELECT * FROM "products" WHERE ("products"."id" = 1) [0m
  [4;35;1mCACHE (0.0ms)[0m   [0mSELECT * FROM "products" WHERE ("products"."id" = 1) [0m
  [4;36;1mCACHE (0.0ms)[0m   [0;1mSELECT * FROM "products" WHERE ("products"."id" = 1) [0m
  [4;35;1mCACHE (0.0ms)[0m   [0mSELECT * FROM "products" WHERE ("products"."id" = 1) [0m
Rendering template within layouts/main
Rendering products/buy
Completed in 77ms (View: 45, DB: 1) | 200 OK [http://localhost/products/buy/1]


Processing CartController#index (for 127.0.0.1 at 2009-03-05 19:08:24) [GET]
  [4;36;1mProduct Load (0.8ms)[0m   [0;1mSELECT * FROM "products" WHERE ("products"."id" = 1) [0m
  [4;35;1mCACHE (0.0ms)[0m   [0mSELECT * FROM "products" WHERE ("products"."id" = 1) [0m
  [4;36;1mCACHE (0.0ms)[0m   [0;1mSELECT * FROM "products" WHERE ("products"."id" = 1) [0m
  [4;35;1mCACHE (0.0ms)[0m   [0mSELECT * FROM "products" WHERE ("products"."id" = 1) [0m
  [4;36;1mCACHE (0.0ms)[0m   [0;1mSELECT * FROM "products" WHERE ("products"."id" = 1) [0m
  [4;35;1mCACHE (0.0ms)[0m   [0mSELECT * FROM "products" WHERE ("products"."id" = 1) [0m
  [4;36;1mCACHE (0.0ms)[0m   [0;1mSELECT * FROM "products" WHERE ("products"."id" = 1) [0m
  [4;35;1mCACHE (0.0ms)[0m   [0mSELECT * FROM "products" WHERE ("products"."id" = 1) [0m
  [4;36;1mCACHE (0.0ms)[0m   [0;1mSELECT * FROM "products" WHERE ("products"."id" = 1) [0m
  [4;35;1mCACHE (0.0ms)[0m   [0mSELECT * FROM "products" WHERE ("products"."id" = 1) [0m
  [4;36;1mCACHE (0.0ms)[0m   [0;1mSELECT * FROM "products" WHERE ("products"."id" = 1) [0m
Rendering cart/index
Completed in 67ms (View: 36, DB: 1) | 200 OK [http://localhost/cart]


Processing CartController#index (for 127.0.0.1 at 2009-03-05 19:10:49) [GET]
  [4;35;1mProduct Load (0.8ms)[0m   [0mSELECT * FROM "products" WHERE ("products"."id" = 1) [0m
  [4;36;1mCACHE (0.0ms)[0m   [0;1mSELECT * FROM "products" WHERE ("products"."id" = 1) [0m
  [4;35;1mCACHE (0.0ms)[0m   [0mSELECT * FROM "products" WHERE ("products"."id" = 1) [0m
  [4;36;1mCACHE (0.0ms)[0m   [0;1mSELECT * FROM "products" WHERE ("products"."id" = 1) [0m
  [4;35;1mCACHE (0.0ms)[0m   [0mSELECT * FROM "products" WHERE ("products"."id" = 1) [0m
  [4;36;1mCACHE (0.0ms)[0m   [0;1mSELECT * FROM "products" WHERE ("products"."id" = 1) [0m
  [4;35;1mCACHE (0.0ms)[0m   [0mSELECT * FROM "products" WHERE ("products"."id" = 1) [0m
  [4;36;1mCACHE (0.0ms)[0m   [0;1mSELECT * FROM "products" WHERE ("products"."id" = 1) [0m
  [4;35;1mCACHE (0.0ms)[0m   [0mSELECT * FROM "products" WHERE ("products"."id" = 1) [0m
  [4;36;1mCACHE (0.0ms)[0m   [0;1mSELECT * FROM "products" WHERE ("products"."id" = 1) [0m
  [4;35;1mCACHE (0.0ms)[0m   [0mSELECT * FROM "products" WHERE ("products"."id" = 1) [0m
Rendering cart/index
Completed in 50ms (View: 19, DB: 1) | 200 OK [http://localhost/cart]


Processing CartController#index (for 127.0.0.1 at 2009-03-05 19:11:35) [GET]
  [4;36;1mProduct Load (0.8ms)[0m   [0;1mSELECT * FROM "products" WHERE ("products"."id" = 1) [0m
  [4;35;1mCACHE (0.0ms)[0m   [0mSELECT * FROM "products" WHERE ("products"."id" = 1) [0m
  [4;36;1mCACHE (0.0ms)[0m   [0;1mSELECT * FROM "products" WHERE ("products"."id" = 1) [0m
  [4;35;1mCACHE (0.0ms)[0m   [0mSELECT * FROM "products" WHERE ("products"."id" = 1) [0m
  [4;36;1mCACHE (0.0ms)[0m   [0;1mSELECT * FROM "products" WHERE ("products"."id" = 1) [0m
  [4;35;1mCACHE (0.0ms)[0m   [0mSELECT * FROM "products" WHERE ("products"."id" = 1) [0m
  [4;36;1mCACHE (0.0ms)[0m   [0;1mSELECT * FROM "products" WHERE ("products"."id" = 1) [0m
  [4;35;1mCACHE (0.0ms)[0m   [0mSELECT * FROM "products" WHERE ("products"."id" = 1) [0m
  [4;36;1mCACHE (0.0ms)[0m   [0;1mSELECT * FROM "products" WHERE ("products"."id" = 1) [0m
  [4;35;1mCACHE (0.0ms)[0m   [0mSELECT * FROM "products" WHERE ("products"."id" = 1) [0m
  [4;36;1mCACHE (0.0ms)[0m   [0;1mSELECT * FROM "products" WHERE ("products"."id" = 1) [0m
Rendering cart/index
Completed in 46ms (View: 15, DB: 1) | 200 OK [http://localhost/cart]
